2023-01-31 10:07:24.093  INFO [eureka-client,,,] 24460 --- [main] s.c.a.AnnotationConfigApplicationContext : Refreshing org.springframework.context.annotation.AnnotationConfigApplicationContext@7c209437: startup date [Tue Jan 31 10:07:24 CST 2023]; root of context hierarchy
2023-01-31 10:07:24.391  INFO [eureka-client,,,] 24460 --- [main] f.a.AutowiredAnnotationBeanPostProcessor : JSR-330 'javax.inject.Inject' annotation found and supported for autowiring
2023-01-31 10:07:24.422  INFO [eureka-client,,,] 24460 --- [main] trationDelegate$BeanPostProcessorChecker : Bean 'configurationPropertiesRebinderAutoConfiguration' of type [org.springframework.cloud.autoconfigure.ConfigurationPropertiesRebinderAutoConfiguration$$EnhancerBySpringCGLIB$$e83ef833] is not eligible for getting processed by all BeanPostProcessors (for example: not eligible for auto-proxying)
2023-01-31 10:07:24.988  INFO [eureka-client,,,] 24460 --- [main] o.s.c.n.eureka.InstanceInfoFactory       : Setting initial instance status as: STARTING
2023-01-31 10:07:25.053  INFO [eureka-client,,,] 24460 --- [main] com.netflix.discovery.DiscoveryClient    : Initializing Eureka in region us-east-1
2023-01-31 10:07:25.483  INFO [eureka-client,,,] 24460 --- [main] c.n.d.provider.DiscoveryJerseyProvider   : Using JSON encoding codec LegacyJacksonJson
2023-01-31 10:07:25.484  INFO [eureka-client,,,] 24460 --- [main] c.n.d.provider.DiscoveryJerseyProvider   : Using JSON decoding codec LegacyJacksonJson
2023-01-31 10:07:25.553  INFO [eureka-client,,,] 24460 --- [main] c.n.d.provider.DiscoveryJerseyProvider   : Using XML encoding codec XStreamXml
2023-01-31 10:07:25.553  INFO [eureka-client,,,] 24460 --- [main] c.n.d.provider.DiscoveryJerseyProvider   : Using XML decoding codec XStreamXml
2023-01-31 10:07:25.713  INFO [eureka-client,,,] 24460 --- [main] c.n.d.s.r.aws.ConfigClusterResolver      : Resolving eureka endpoints via configuration
2023-01-31 10:07:25.955  INFO [eureka-client,,,] 24460 --- [main] com.netflix.discovery.DiscoveryClient    : Disable delta property : false
2023-01-31 10:07:25.956  INFO [eureka-client,,,] 24460 --- [main] com.netflix.discovery.DiscoveryClient    : Single vip registry refresh property : null
2023-01-31 10:07:25.956  INFO [eureka-client,,,] 24460 --- [main] com.netflix.discovery.DiscoveryClient    : Force full registry fetch : false
2023-01-31 10:07:25.956  INFO [eureka-client,,,] 24460 --- [main] com.netflix.discovery.DiscoveryClient    : Application is null : false
2023-01-31 10:07:25.956  INFO [eureka-client,,,] 24460 --- [main] com.netflix.discovery.DiscoveryClient    : Registered Applications size is zero : true
2023-01-31 10:07:25.956  INFO [eureka-client,,,] 24460 --- [main] com.netflix.discovery.DiscoveryClient    : Application version is -1: true
2023-01-31 10:07:25.956  INFO [eureka-client,,,] 24460 --- [main] com.netflix.discovery.DiscoveryClient    : Getting all instance registry info from the eureka server
2023-01-31 10:07:26.099  INFO [eureka-client,,,] 24460 --- [main] com.netflix.discovery.DiscoveryClient    : The response status is 200
2023-01-31 10:07:26.101  INFO [eureka-client,,,] 24460 --- [main] com.netflix.discovery.DiscoveryClient    : Not registering with Eureka server per configuration
2023-01-31 10:07:26.103  INFO [eureka-client,,,] 24460 --- [main] com.netflix.discovery.DiscoveryClient    : Discovery Client initialized at timestamp 1675130846103 with initial instances count: 8
2023-01-31 10:07:26.637  INFO [eureka-client,,,] 24460 --- [main] c.c.c.ConfigServicePropertySourceLocator : Fetching config from server at: http://26.26.26.1:9008/
2023-01-31 10:07:27.187  INFO [eureka-client,,,] 24460 --- [main] c.c.c.ConfigServicePropertySourceLocator : Located environment: name=eureka-client, profiles=[dev], label=null, version=null, state=null
2023-01-31 10:07:27.188  INFO [eureka-client,,,] 24460 --- [main] b.c.PropertySourceBootstrapConfiguration : Located property source: CompositePropertySource [name='configService', propertySources=[MapPropertySource [name='classpath:/shared/eureka-client-dev.yml']]]
2023-01-31 10:07:27.230  INFO [eureka-client,,,] 24460 --- [main] com.gua.EurekaClientApplication          : The following profiles are active: dev
2023-01-31 10:07:27.246  INFO [eureka-client,,,] 24460 --- [main] ationConfigEmbeddedWebApplicationContext : Refreshing org.springframework.boot.context.embedded.AnnotationConfigEmbeddedWebApplicationContext@7bd38fed: startup date [Tue Jan 31 10:07:27 CST 2023]; parent: org.springframework.context.annotation.AnnotationConfigApplicationContext@7c209437
2023-01-31 10:07:27.778  INFO [eureka-client,,,] 24460 --- [main] o.s.cloud.context.scope.GenericScope     : BeanFactory id=5aae8ff0-aa40-351f-9efb-87b7bf4b9b90
2023-01-31 10:07:27.788  INFO [eureka-client,,,] 24460 --- [main] f.a.AutowiredAnnotationBeanPostProcessor : JSR-330 'javax.inject.Inject' annotation found and supported for autowiring
2023-01-31 10:07:27.848  INFO [eureka-client,,,] 24460 --- [main] trationDelegate$BeanPostProcessorChecker : Bean 'org.springframework.cloud.sleuth.instrument.async.AsyncDefaultAutoConfiguration$DefaultAsyncConfigurerSupport' of type [org.springframework.cloud.sleuth.instrument.async.AsyncDefaultAutoConfiguration$DefaultAsyncConfigurerSupport$$EnhancerBySpringCGLIB$$96692f9] is not eligible for getting processed by all BeanPostProcessors (for example: not eligible for auto-proxying)
2023-01-31 10:07:27.908  INFO [eureka-client,,,] 24460 --- [main] trationDelegate$BeanPostProcessorChecker : Bean 'org.springframework.cloud.sleuth.annotation.SleuthAnnotationAutoConfiguration' of type [org.springframework.cloud.sleuth.annotation.SleuthAnnotationAutoConfiguration$$EnhancerBySpringCGLIB$$ce8a3b68] is not eligible for getting processed by all BeanPostProcessors (for example: not eligible for auto-proxying)
2023-01-31 10:07:28.105  INFO [eureka-client,,,] 24460 --- [main] trationDelegate$BeanPostProcessorChecker : Bean 'sleuthAdvisorConfig' of type [org.springframework.cloud.sleuth.annotation.SleuthAdvisorConfig] is not eligible for getting processed by all BeanPostProcessors (for example: not eligible for auto-proxying)
2023-01-31 10:07:28.108  INFO [eureka-client,,,] 24460 --- [main] trationDelegate$BeanPostProcessorChecker : Bean 'org.springframework.cloud.autoconfigure.ConfigurationPropertiesRebinderAutoConfiguration' of type [org.springframework.cloud.autoconfigure.ConfigurationPropertiesRebinderAutoConfiguration$$EnhancerBySpringCGLIB$$e83ef833] is not eligible for getting processed by all BeanPostProcessors (for example: not eligible for auto-proxying)
2023-01-31 10:07:28.126  INFO [eureka-client,,,] 24460 --- [main] trationDelegate$BeanPostProcessorChecker : Bean 'org.springframework.cloud.sleuth.instrument.async.AsyncDefaultAutoConfiguration' of type [org.springframework.cloud.sleuth.instrument.async.AsyncDefaultAutoConfiguration$$EnhancerBySpringCGLIB$$b408a155] is not eligible for getting processed by all BeanPostProcessors (for example: not eligible for auto-proxying)
2023-01-31 10:07:28.547  INFO [eureka-client,,,] 24460 --- [main] s.b.c.e.t.TomcatEmbeddedServletContainer : Tomcat initialized with port(s): 9001 (http)
2023-01-31 10:07:28.554  INFO [eureka-client,,,] 24460 --- [main] o.apache.catalina.core.StandardService   : Starting service [Tomcat]
2023-01-31 10:07:28.555  INFO [eureka-client,,,] 24460 --- [main] org.apache.catalina.core.StandardEngine  : Starting Servlet Engine: Apache Tomcat/8.5.15
2023-01-31 10:07:28.653  INFO [eureka-client,,,] 24460 --- [localhost-startStop-1] o.a.c.c.C.[Tomcat].[localhost].[/]       : Initializing Spring embedded WebApplicationContext
2023-01-31 10:07:28.654  INFO [eureka-client,,,] 24460 --- [localhost-startStop-1] o.s.web.context.ContextLoader            : Root WebApplicationContext: initialization completed in 1408 ms
2023-01-31 10:07:29.333  INFO [eureka-client,,,] 24460 --- [localhost-startStop-1] o.s.b.w.servlet.FilterRegistrationBean   : Mapping filter: 'characterEncodingFilter' to: [/*]
2023-01-31 10:07:29.334  INFO [eureka-client,,,] 24460 --- [localhost-startStop-1] o.s.b.w.servlet.FilterRegistrationBean   : Mapping filter: 'traceFilter' to: [/*]
2023-01-31 10:07:29.334  INFO [eureka-client,,,] 24460 --- [localhost-startStop-1] o.s.b.w.servlet.FilterRegistrationBean   : Mapping filter: 'hiddenHttpMethodFilter' to: [/*]
2023-01-31 10:07:29.334  INFO [eureka-client,,,] 24460 --- [localhost-startStop-1] o.s.b.w.servlet.FilterRegistrationBean   : Mapping filter: 'httpPutFormContentFilter' to: [/*]
2023-01-31 10:07:29.335  INFO [eureka-client,,,] 24460 --- [localhost-startStop-1] o.s.b.w.servlet.FilterRegistrationBean   : Mapping filter: 'requestContextFilter' to: [/*]
2023-01-31 10:07:29.335  INFO [eureka-client,,,] 24460 --- [localhost-startStop-1] o.s.b.w.servlet.ServletRegistrationBean  : Mapping servlet: 'dispatcherServlet' to [/]
2023-01-31 10:07:30.635  INFO [eureka-client,,,] 24460 --- [main] s.w.s.m.m.a.RequestMappingHandlerAdapter : Looking for @ControllerAdvice: org.springframework.boot.context.embedded.AnnotationConfigEmbeddedWebApplicationContext@7bd38fed: startup date [Tue Jan 31 10:07:27 CST 2023]; parent: org.springframework.context.annotation.AnnotationConfigApplicationContext@7c209437
2023-01-31 10:07:30.788  INFO [eureka-client,,,] 24460 --- [main] s.w.s.m.m.a.RequestMappingHandlerMapping : Mapped "{[/csvt/test]}" onto public java.lang.String com.gua.controller.ConfigServerValueTestController.test()
2023-01-31 10:07:30.790  INFO [eureka-client,,,] 24460 --- [main] s.w.s.m.m.a.RequestMappingHandlerMapping : Mapped "{[/home],methods=[GET]}" onto public java.lang.String com.gua.controller.HomeController.home()
2023-01-31 10:07:30.794  INFO [eureka-client,,,] 24460 --- [main] s.w.s.m.m.a.RequestMappingHandlerMapping : Mapped "{[/error]}" onto public org.springframework.http.ResponseEntity<java.util.Map<java.lang.String, java.lang.Object>> org.springframework.boot.autoconfigure.web.BasicErrorController.error(javax.servlet.http.HttpServletRequest)
2023-01-31 10:07:30.794  INFO [eureka-client,,,] 24460 --- [main] s.w.s.m.m.a.RequestMappingHandlerMapping : Mapped "{[/error],produces=[text/html]}" onto public org.springframework.web.servlet.ModelAndView org.springframework.boot.autoconfigure.web.BasicErrorController.errorHtml(javax.servlet.http.HttpServletRequest,javax.servlet.http.HttpServletResponse)
2023-01-31 10:07:30.940  INFO [eureka-client,,,] 24460 --- [main] o.s.w.s.handler.SimpleUrlHandlerMapping  : Mapped URL path [/webjars/**] onto handler of type [class org.springframework.web.servlet.resource.ResourceHttpRequestHandler]
2023-01-31 10:07:30.940  INFO [eureka-client,,,] 24460 --- [main] o.s.w.s.handler.SimpleUrlHandlerMapping  : Mapped URL path [/**] onto handler of type [class org.springframework.web.servlet.resource.ResourceHttpRequestHandler]
2023-01-31 10:07:31.021  INFO [eureka-client,,,] 24460 --- [main] o.s.w.s.handler.SimpleUrlHandlerMapping  : Mapped URL path [/**/favicon.ico] onto handler of type [class org.springframework.web.servlet.resource.ResourceHttpRequestHandler]
2023-01-31 10:07:31.690  WARN [eureka-client,,,] 24460 --- [main] c.n.c.sources.URLConfigurationSource     : No URLs will be polled as dynamic configuration sources.
2023-01-31 10:07:31.690  INFO [eureka-client,,,] 24460 --- [main] c.n.c.sources.URLConfigurationSource     : To enable URLs as dynamic configuration sources, define System property archaius.configurationSource.additionalUrls or make config.properties available on classpath.
2023-01-31 10:07:31.693  WARN [eureka-client,,,] 24460 --- [main] c.n.c.sources.URLConfigurationSource     : No URLs will be polled as dynamic configuration sources.
2023-01-31 10:07:31.693  INFO [eureka-client,,,] 24460 --- [main] c.n.c.sources.URLConfigurationSource     : To enable URLs as dynamic configuration sources, define System property archaius.configurationSource.additionalUrls or make config.properties available on classpath.
2023-01-31 10:07:31.752  INFO [eureka-client,,,] 24460 --- [main] com.netflix.discovery.DiscoveryClient    : Shutting down DiscoveryClient ...
2023-01-31 10:07:31.759  INFO [eureka-client,,,] 24460 --- [main] com.netflix.discovery.DiscoveryClient    : Completed shut down of DiscoveryClient
2023-01-31 10:07:31.904  INFO [eureka-client,,,] 24460 --- [main] o.s.s.c.ThreadPoolTaskScheduler          : Initializing ExecutorService 
2023-01-31 10:07:32.089  INFO [eureka-client,,,] 24460 --- [main] o.s.j.e.a.AnnotationMBeanExporter        : Registering beans for JMX exposure on startup
2023-01-31 10:07:32.096  INFO [eureka-client,,,] 24460 --- [main] o.s.j.e.a.AnnotationMBeanExporter        : Bean with name 'environmentManager' has been autodetected for JMX exposure
2023-01-31 10:07:32.097  INFO [eureka-client,,,] 24460 --- [main] o.s.j.e.a.AnnotationMBeanExporter        : Bean with name 'configurationPropertiesRebinder' has been autodetected for JMX exposure
2023-01-31 10:07:32.098  INFO [eureka-client,,,] 24460 --- [main] o.s.j.e.a.AnnotationMBeanExporter        : Bean with name 'refreshScope' has been autodetected for JMX exposure
2023-01-31 10:07:32.100  INFO [eureka-client,,,] 24460 --- [main] o.s.j.e.a.AnnotationMBeanExporter        : Located managed bean 'environmentManager': registering with JMX server as MBean [org.springframework.cloud.context.environment:name=environmentManager,type=EnvironmentManager]
2023-01-31 10:07:32.116  INFO [eureka-client,,,] 24460 --- [main] o.s.j.e.a.AnnotationMBeanExporter        : Located managed bean 'refreshScope': registering with JMX server as MBean [org.springframework.cloud.context.scope.refresh:name=refreshScope,type=RefreshScope]
2023-01-31 10:07:32.129  INFO [eureka-client,,,] 24460 --- [main] o.s.j.e.a.AnnotationMBeanExporter        : Located managed bean 'configurationPropertiesRebinder': registering with JMX server as MBean [org.springframework.cloud.context.properties:name=configurationPropertiesRebinder,context=7bd38fed,type=ConfigurationPropertiesRebinder]
2023-01-31 10:07:32.300  INFO [eureka-client,,,] 24460 --- [main] o.s.c.support.DefaultLifecycleProcessor  : Starting beans in phase 0
2023-01-31 10:07:32.305  INFO [eureka-client,,,] 24460 --- [main] o.s.c.n.eureka.InstanceInfoFactory       : Setting initial instance status as: STARTING
2023-01-31 10:07:32.316  INFO [eureka-client,,,] 24460 --- [main] com.netflix.discovery.DiscoveryClient    : Initializing Eureka in region us-east-1
2023-01-31 10:07:32.317  INFO [eureka-client,,,] 24460 --- [main] c.n.d.provider.DiscoveryJerseyProvider   : Using JSON encoding codec LegacyJacksonJson
2023-01-31 10:07:32.317  INFO [eureka-client,,,] 24460 --- [main] c.n.d.provider.DiscoveryJerseyProvider   : Using JSON decoding codec LegacyJacksonJson
2023-01-31 10:07:32.317  INFO [eureka-client,,,] 24460 --- [main] c.n.d.provider.DiscoveryJerseyProvider   : Using XML encoding codec XStreamXml
2023-01-31 10:07:32.317  INFO [eureka-client,,,] 24460 --- [main] c.n.d.provider.DiscoveryJerseyProvider   : Using XML decoding codec XStreamXml
2023-01-31 10:07:32.398  INFO [eureka-client,,,] 24460 --- [main] c.n.d.s.r.aws.ConfigClusterResolver      : Resolving eureka endpoints via configuration
2023-01-31 10:07:32.399  INFO [eureka-client,,,] 24460 --- [main] com.netflix.discovery.DiscoveryClient    : Disable delta property : false
2023-01-31 10:07:32.399  INFO [eureka-client,,,] 24460 --- [main] com.netflix.discovery.DiscoveryClient    : Single vip registry refresh property : null
2023-01-31 10:07:32.399  INFO [eureka-client,,,] 24460 --- [main] com.netflix.discovery.DiscoveryClient    : Force full registry fetch : false
2023-01-31 10:07:32.399  INFO [eureka-client,,,] 24460 --- [main] com.netflix.discovery.DiscoveryClient    : Application is null : false
2023-01-31 10:07:32.399  INFO [eureka-client,,,] 24460 --- [main] com.netflix.discovery.DiscoveryClient    : Registered Applications size is zero : true
2023-01-31 10:07:32.399  INFO [eureka-client,,,] 24460 --- [main] com.netflix.discovery.DiscoveryClient    : Application version is -1: true
2023-01-31 10:07:32.399  INFO [eureka-client,,,] 24460 --- [main] com.netflix.discovery.DiscoveryClient    : Getting all instance registry info from the eureka server
2023-01-31 10:07:32.404  INFO [eureka-client,,,] 24460 --- [main] com.netflix.discovery.DiscoveryClient    : The response status is 200
2023-01-31 10:07:32.405  INFO [eureka-client,,,] 24460 --- [main] com.netflix.discovery.DiscoveryClient    : Starting heartbeat executor: renew interval is: 30
2023-01-31 10:07:32.407  INFO [eureka-client,,,] 24460 --- [main] c.n.discovery.InstanceInfoReplicator     : InstanceInfoReplicator onDemand update allowed rate per min is 4
2023-01-31 10:07:32.409  INFO [eureka-client,,,] 24460 --- [main] com.netflix.discovery.DiscoveryClient    : Discovery Client initialized at timestamp 1675130852409 with initial instances count: 8
2023-01-31 10:07:32.483  INFO [eureka-client,,,] 24460 --- [main] o.s.c.n.e.s.EurekaServiceRegistry        : Registering application eureka-client with eureka with status UP
2023-01-31 10:07:32.484  INFO [eureka-client,,,] 24460 --- [main] com.netflix.discovery.DiscoveryClient    : Saw local status change event StatusChangeEvent [timestamp=1675130852484, current=UP, previous=STARTING]
2023-01-31 10:07:32.486  INFO [eureka-client,,,] 24460 --- [DiscoveryClient-InstanceInfoReplicator-0] com.netflix.discovery.DiscoveryClient    : DiscoveryClient_EUREKA-CLIENT/26.26.26.1:eureka-client:9001: registering service...
2023-01-31 10:07:32.516  INFO [eureka-client,,,] 24460 --- [DiscoveryClient-InstanceInfoReplicator-0] com.netflix.discovery.DiscoveryClient    : DiscoveryClient_EUREKA-CLIENT/26.26.26.1:eureka-client:9001 - registration status: 204
2023-01-31 10:07:32.531  INFO [eureka-client,,,] 24460 --- [main] s.b.c.e.t.TomcatEmbeddedServletContainer : Tomcat started on port(s): 9001 (http)
2023-01-31 10:07:32.532  INFO [eureka-client,,,] 24460 --- [main] .s.c.n.e.s.EurekaAutoServiceRegistration : Updating port to 9001
2023-01-31 10:07:32.536  INFO [eureka-client,,,] 24460 --- [main] com.gua.EurekaClientApplication          : Started EurekaClientApplication in 9.375 seconds (JVM running for 10.324)
2023-01-31 10:08:08.882  INFO [eureka-client,,,] 24460 --- [http-nio-9001-exec-1] o.a.c.c.C.[Tomcat].[localhost].[/]       : Initializing Spring FrameworkServlet 'dispatcherServlet'
2023-01-31 10:08:08.883  INFO [eureka-client,,,] 24460 --- [http-nio-9001-exec-1] o.s.web.servlet.DispatcherServlet        : FrameworkServlet 'dispatcherServlet': initialization started
2023-01-31 10:08:08.929  INFO [eureka-client,,,] 24460 --- [http-nio-9001-exec-1] o.s.web.servlet.DispatcherServlet        : FrameworkServlet 'dispatcherServlet': initialization completed in 46 ms
2023-01-31 10:10:46.451  INFO [eureka-client,,,] 24460 --- [Thread-23] ationConfigEmbeddedWebApplicationContext : Closing org.springframework.boot.context.embedded.AnnotationConfigEmbeddedWebApplicationContext@7bd38fed: startup date [Tue Jan 31 10:07:27 CST 2023]; parent: org.springframework.context.annotation.AnnotationConfigApplicationContext@7c209437
2023-01-31 10:10:46.453  INFO [eureka-client,,,] 24460 --- [Thread-23] o.s.c.n.e.s.EurekaServiceRegistry        : Unregistering application eureka-client with eureka with status DOWN
2023-01-31 10:10:46.453  WARN [eureka-client,,,] 24460 --- [Thread-23] com.netflix.discovery.DiscoveryClient    : Saw local status change event StatusChangeEvent [timestamp=1675131046453, current=DOWN, previous=UP]
2023-01-31 10:10:46.453  INFO [eureka-client,,,] 24460 --- [DiscoveryClient-InstanceInfoReplicator-0] com.netflix.discovery.DiscoveryClient    : DiscoveryClient_EUREKA-CLIENT/26.26.26.1:eureka-client:9001: registering service...
2023-01-31 10:10:46.453  INFO [eureka-client,,,] 24460 --- [Thread-23] com.netflix.discovery.DiscoveryClient    : Shutting down DiscoveryClient ...
2023-01-31 10:10:46.453  INFO [eureka-client,,,] 24460 --- [Thread-23] com.netflix.discovery.DiscoveryClient    : Unregistering ...
2023-01-31 10:10:46.458  INFO [eureka-client,,,] 24460 --- [Thread-23] com.netflix.discovery.DiscoveryClient    : DiscoveryClient_EUREKA-CLIENT/26.26.26.1:eureka-client:9001 - deregister  status: 200
2023-01-31 10:10:46.461  INFO [eureka-client,,,] 24460 --- [Thread-23] com.netflix.discovery.DiscoveryClient    : Completed shut down of DiscoveryClient
2023-01-31 10:10:46.462  INFO [eureka-client,,,] 24460 --- [Thread-23] o.s.c.support.DefaultLifecycleProcessor  : Stopping beans in phase 0
2023-01-31 10:10:46.465  INFO [eureka-client,,,] 24460 --- [Thread-23] o.s.j.e.a.AnnotationMBeanExporter        : Unregistering JMX-exposed beans on shutdown
2023-01-31 10:10:46.465  INFO [eureka-client,,,] 24460 --- [Thread-23] o.s.j.e.a.AnnotationMBeanExporter        : Unregistering JMX-exposed beans
2023-01-31 10:10:46.467  INFO [eureka-client,,,] 24460 --- [DiscoveryClient-InstanceInfoReplicator-0] com.netflix.discovery.DiscoveryClient    : DiscoveryClient_EUREKA-CLIENT/26.26.26.1:eureka-client:9001 - registration status: 204
2023-01-31 10:10:52.046  INFO [eureka-client,,,] 2416 --- [main] s.c.a.AnnotationConfigApplicationContext : Refreshing org.springframework.context.annotation.AnnotationConfigApplicationContext@19ae6bb: startup date [Tue Jan 31 10:10:52 CST 2023]; root of context hierarchy
2023-01-31 10:10:52.380  INFO [eureka-client,,,] 2416 --- [main] f.a.AutowiredAnnotationBeanPostProcessor : JSR-330 'javax.inject.Inject' annotation found and supported for autowiring
2023-01-31 10:10:52.414  INFO [eureka-client,,,] 2416 --- [main] trationDelegate$BeanPostProcessorChecker : Bean 'configurationPropertiesRebinderAutoConfiguration' of type [org.springframework.cloud.autoconfigure.ConfigurationPropertiesRebinderAutoConfiguration$$EnhancerBySpringCGLIB$$d1dc9b21] is not eligible for getting processed by all BeanPostProcessors (for example: not eligible for auto-proxying)
2023-01-31 10:10:52.995  INFO [eureka-client,,,] 2416 --- [main] o.s.c.n.eureka.InstanceInfoFactory       : Setting initial instance status as: STARTING
2023-01-31 10:10:53.065  INFO [eureka-client,,,] 2416 --- [main] com.netflix.discovery.DiscoveryClient    : Initializing Eureka in region us-east-1
2023-01-31 10:10:53.489  INFO [eureka-client,,,] 2416 --- [main] c.n.d.provider.DiscoveryJerseyProvider   : Using JSON encoding codec LegacyJacksonJson
2023-01-31 10:10:53.489  INFO [eureka-client,,,] 2416 --- [main] c.n.d.provider.DiscoveryJerseyProvider   : Using JSON decoding codec LegacyJacksonJson
2023-01-31 10:10:53.567  INFO [eureka-client,,,] 2416 --- [main] c.n.d.provider.DiscoveryJerseyProvider   : Using XML encoding codec XStreamXml
2023-01-31 10:10:53.569  INFO [eureka-client,,,] 2416 --- [main] c.n.d.provider.DiscoveryJerseyProvider   : Using XML decoding codec XStreamXml
2023-01-31 10:10:53.733  INFO [eureka-client,,,] 2416 --- [main] c.n.d.s.r.aws.ConfigClusterResolver      : Resolving eureka endpoints via configuration
2023-01-31 10:10:53.971  INFO [eureka-client,,,] 2416 --- [main] com.netflix.discovery.DiscoveryClient    : Disable delta property : false
2023-01-31 10:10:53.971  INFO [eureka-client,,,] 2416 --- [main] com.netflix.discovery.DiscoveryClient    : Single vip registry refresh property : null
2023-01-31 10:10:53.971  INFO [eureka-client,,,] 2416 --- [main] com.netflix.discovery.DiscoveryClient    : Force full registry fetch : false
2023-01-31 10:10:53.971  INFO [eureka-client,,,] 2416 --- [main] com.netflix.discovery.DiscoveryClient    : Application is null : false
2023-01-31 10:10:53.971  INFO [eureka-client,,,] 2416 --- [main] com.netflix.discovery.DiscoveryClient    : Registered Applications size is zero : true
2023-01-31 10:10:53.971  INFO [eureka-client,,,] 2416 --- [main] com.netflix.discovery.DiscoveryClient    : Application version is -1: true
2023-01-31 10:10:53.971  INFO [eureka-client,,,] 2416 --- [main] com.netflix.discovery.DiscoveryClient    : Getting all instance registry info from the eureka server
2023-01-31 10:10:54.105  INFO [eureka-client,,,] 2416 --- [main] com.netflix.discovery.DiscoveryClient    : The response status is 200
2023-01-31 10:10:54.107  INFO [eureka-client,,,] 2416 --- [main] com.netflix.discovery.DiscoveryClient    : Not registering with Eureka server per configuration
2023-01-31 10:10:54.110  INFO [eureka-client,,,] 2416 --- [main] com.netflix.discovery.DiscoveryClient    : Discovery Client initialized at timestamp 1675131054109 with initial instances count: 8
2023-01-31 10:10:54.605  INFO [eureka-client,,,] 2416 --- [main] c.c.c.ConfigServicePropertySourceLocator : Fetching config from server at: http://26.26.26.1:9008/
2023-01-31 10:10:55.054  INFO [eureka-client,,,] 2416 --- [main] c.c.c.ConfigServicePropertySourceLocator : Located environment: name=eureka-client, profiles=[dev], label=null, version=null, state=null
2023-01-31 10:10:55.055  INFO [eureka-client,,,] 2416 --- [main] b.c.PropertySourceBootstrapConfiguration : Located property source: CompositePropertySource [name='configService', propertySources=[MapPropertySource [name='classpath:/shared/eureka-client-dev.yml']]]
2023-01-31 10:10:55.095  INFO [eureka-client,,,] 2416 --- [main] com.gua.EurekaClientApplication          : The following profiles are active: dev
2023-01-31 10:10:55.111  INFO [eureka-client,,,] 2416 --- [main] ationConfigEmbeddedWebApplicationContext : Refreshing org.springframework.boot.context.embedded.AnnotationConfigEmbeddedWebApplicationContext@7a66c35a: startup date [Tue Jan 31 10:10:55 CST 2023]; parent: org.springframework.context.annotation.AnnotationConfigApplicationContext@19ae6bb
2023-01-31 10:10:55.692  INFO [eureka-client,,,] 2416 --- [main] o.s.cloud.context.scope.GenericScope     : BeanFactory id=5aae8ff0-aa40-351f-9efb-87b7bf4b9b90
2023-01-31 10:10:55.701  INFO [eureka-client,,,] 2416 --- [main] f.a.AutowiredAnnotationBeanPostProcessor : JSR-330 'javax.inject.Inject' annotation found and supported for autowiring
2023-01-31 10:10:55.760  INFO [eureka-client,,,] 2416 --- [main] trationDelegate$BeanPostProcessorChecker : Bean 'org.springframework.cloud.sleuth.instrument.async.AsyncDefaultAutoConfiguration$DefaultAsyncConfigurerSupport' of type [org.springframework.cloud.sleuth.instrument.async.AsyncDefaultAutoConfiguration$DefaultAsyncConfigurerSupport$$EnhancerBySpringCGLIB$$f30435e7] is not eligible for getting processed by all BeanPostProcessors (for example: not eligible for auto-proxying)
2023-01-31 10:10:55.818  INFO [eureka-client,,,] 2416 --- [main] trationDelegate$BeanPostProcessorChecker : Bean 'org.springframework.cloud.sleuth.annotation.SleuthAnnotationAutoConfiguration' of type [org.springframework.cloud.sleuth.annotation.SleuthAnnotationAutoConfiguration$$EnhancerBySpringCGLIB$$b827de56] is not eligible for getting processed by all BeanPostProcessors (for example: not eligible for auto-proxying)
2023-01-31 10:10:56.037  INFO [eureka-client,,,] 2416 --- [main] trationDelegate$BeanPostProcessorChecker : Bean 'sleuthAdvisorConfig' of type [org.springframework.cloud.sleuth.annotation.SleuthAdvisorConfig] is not eligible for getting processed by all BeanPostProcessors (for example: not eligible for auto-proxying)
2023-01-31 10:10:56.039  INFO [eureka-client,,,] 2416 --- [main] trationDelegate$BeanPostProcessorChecker : Bean 'org.springframework.cloud.autoconfigure.ConfigurationPropertiesRebinderAutoConfiguration' of type [org.springframework.cloud.autoconfigure.ConfigurationPropertiesRebinderAutoConfiguration$$EnhancerBySpringCGLIB$$d1dc9b21] is not eligible for getting processed by all BeanPostProcessors (for example: not eligible for auto-proxying)
2023-01-31 10:10:56.060  INFO [eureka-client,,,] 2416 --- [main] trationDelegate$BeanPostProcessorChecker : Bean 'org.springframework.cloud.sleuth.instrument.async.AsyncDefaultAutoConfiguration' of type [org.springframework.cloud.sleuth.instrument.async.AsyncDefaultAutoConfiguration$$EnhancerBySpringCGLIB$$9da64443] is not eligible for getting processed by all BeanPostProcessors (for example: not eligible for auto-proxying)
2023-01-31 10:10:56.416  INFO [eureka-client,,,] 2416 --- [main] s.b.c.e.t.TomcatEmbeddedServletContainer : Tomcat initialized with port(s): 9001 (http)
2023-01-31 10:10:56.425  INFO [eureka-client,,,] 2416 --- [main] o.apache.catalina.core.StandardService   : Starting service [Tomcat]
2023-01-31 10:10:56.426  INFO [eureka-client,,,] 2416 --- [main] org.apache.catalina.core.StandardEngine  : Starting Servlet Engine: Apache Tomcat/8.5.15
2023-01-31 10:10:56.530  INFO [eureka-client,,,] 2416 --- [localhost-startStop-1] o.a.c.c.C.[Tomcat].[localhost].[/]       : Initializing Spring embedded WebApplicationContext
2023-01-31 10:10:56.531  INFO [eureka-client,,,] 2416 --- [localhost-startStop-1] o.s.web.context.ContextLoader            : Root WebApplicationContext: initialization completed in 1420 ms
2023-01-31 10:10:57.195  INFO [eureka-client,,,] 2416 --- [localhost-startStop-1] o.s.b.w.servlet.FilterRegistrationBean   : Mapping filter: 'characterEncodingFilter' to: [/*]
2023-01-31 10:10:57.197  INFO [eureka-client,,,] 2416 --- [localhost-startStop-1] o.s.b.w.servlet.FilterRegistrationBean   : Mapping filter: 'traceFilter' to: [/*]
2023-01-31 10:10:57.197  INFO [eureka-client,,,] 2416 --- [localhost-startStop-1] o.s.b.w.servlet.FilterRegistrationBean   : Mapping filter: 'hiddenHttpMethodFilter' to: [/*]
2023-01-31 10:10:57.197  INFO [eureka-client,,,] 2416 --- [localhost-startStop-1] o.s.b.w.servlet.FilterRegistrationBean   : Mapping filter: 'httpPutFormContentFilter' to: [/*]
2023-01-31 10:10:57.197  INFO [eureka-client,,,] 2416 --- [localhost-startStop-1] o.s.b.w.servlet.FilterRegistrationBean   : Mapping filter: 'requestContextFilter' to: [/*]
2023-01-31 10:10:57.197  INFO [eureka-client,,,] 2416 --- [localhost-startStop-1] o.s.b.w.servlet.ServletRegistrationBean  : Mapping servlet: 'dispatcherServlet' to [/]
2023-01-31 10:10:58.588  INFO [eureka-client,,,] 2416 --- [main] s.w.s.m.m.a.RequestMappingHandlerAdapter : Looking for @ControllerAdvice: org.springframework.boot.context.embedded.AnnotationConfigEmbeddedWebApplicationContext@7a66c35a: startup date [Tue Jan 31 10:10:55 CST 2023]; parent: org.springframework.context.annotation.AnnotationConfigApplicationContext@19ae6bb
2023-01-31 10:10:58.715  INFO [eureka-client,,,] 2416 --- [main] s.w.s.m.m.a.RequestMappingHandlerMapping : Mapped "{[/csvt/test]}" onto public java.lang.String com.gua.controller.ConfigServerValueTestController.test()
2023-01-31 10:10:58.718  INFO [eureka-client,,,] 2416 --- [main] s.w.s.m.m.a.RequestMappingHandlerMapping : Mapped "{[/home],methods=[GET]}" onto public java.lang.String com.gua.controller.HomeController.home()
2023-01-31 10:10:58.721  INFO [eureka-client,,,] 2416 --- [main] s.w.s.m.m.a.RequestMappingHandlerMapping : Mapped "{[/error]}" onto public org.springframework.http.ResponseEntity<java.util.Map<java.lang.String, java.lang.Object>> org.springframework.boot.autoconfigure.web.BasicErrorController.error(javax.servlet.http.HttpServletRequest)
2023-01-31 10:10:58.722  INFO [eureka-client,,,] 2416 --- [main] s.w.s.m.m.a.RequestMappingHandlerMapping : Mapped "{[/error],produces=[text/html]}" onto public org.springframework.web.servlet.ModelAndView org.springframework.boot.autoconfigure.web.BasicErrorController.errorHtml(javax.servlet.http.HttpServletRequest,javax.servlet.http.HttpServletResponse)
2023-01-31 10:10:58.858  INFO [eureka-client,,,] 2416 --- [main] o.s.w.s.handler.SimpleUrlHandlerMapping  : Mapped URL path [/webjars/**] onto handler of type [class org.springframework.web.servlet.resource.ResourceHttpRequestHandler]
2023-01-31 10:10:58.858  INFO [eureka-client,,,] 2416 --- [main] o.s.w.s.handler.SimpleUrlHandlerMapping  : Mapped URL path [/**] onto handler of type [class org.springframework.web.servlet.resource.ResourceHttpRequestHandler]
2023-01-31 10:10:58.942  INFO [eureka-client,,,] 2416 --- [main] o.s.w.s.handler.SimpleUrlHandlerMapping  : Mapped URL path [/**/favicon.ico] onto handler of type [class org.springframework.web.servlet.resource.ResourceHttpRequestHandler]
2023-01-31 10:10:59.599  WARN [eureka-client,,,] 2416 --- [main] c.n.c.sources.URLConfigurationSource     : No URLs will be polled as dynamic configuration sources.
2023-01-31 10:10:59.599  INFO [eureka-client,,,] 2416 --- [main] c.n.c.sources.URLConfigurationSource     : To enable URLs as dynamic configuration sources, define System property archaius.configurationSource.additionalUrls or make config.properties available on classpath.
2023-01-31 10:10:59.602  WARN [eureka-client,,,] 2416 --- [main] c.n.c.sources.URLConfigurationSource     : No URLs will be polled as dynamic configuration sources.
2023-01-31 10:10:59.603  INFO [eureka-client,,,] 2416 --- [main] c.n.c.sources.URLConfigurationSource     : To enable URLs as dynamic configuration sources, define System property archaius.configurationSource.additionalUrls or make config.properties available on classpath.
2023-01-31 10:10:59.659  INFO [eureka-client,,,] 2416 --- [main] com.netflix.discovery.DiscoveryClient    : Shutting down DiscoveryClient ...
2023-01-31 10:10:59.663  INFO [eureka-client,,,] 2416 --- [main] com.netflix.discovery.DiscoveryClient    : Completed shut down of DiscoveryClient
2023-01-31 10:10:59.798  INFO [eureka-client,,,] 2416 --- [main] o.s.s.c.ThreadPoolTaskScheduler          : Initializing ExecutorService 
2023-01-31 10:10:59.986  INFO [eureka-client,,,] 2416 --- [main] o.s.j.e.a.AnnotationMBeanExporter        : Registering beans for JMX exposure on startup
2023-01-31 10:10:59.993  INFO [eureka-client,,,] 2416 --- [main] o.s.j.e.a.AnnotationMBeanExporter        : Bean with name 'environmentManager' has been autodetected for JMX exposure
2023-01-31 10:10:59.995  INFO [eureka-client,,,] 2416 --- [main] o.s.j.e.a.AnnotationMBeanExporter        : Bean with name 'configurationPropertiesRebinder' has been autodetected for JMX exposure
2023-01-31 10:10:59.996  INFO [eureka-client,,,] 2416 --- [main] o.s.j.e.a.AnnotationMBeanExporter        : Bean with name 'refreshScope' has been autodetected for JMX exposure
2023-01-31 10:10:59.998  INFO [eureka-client,,,] 2416 --- [main] o.s.j.e.a.AnnotationMBeanExporter        : Located managed bean 'environmentManager': registering with JMX server as MBean [org.springframework.cloud.context.environment:name=environmentManager,type=EnvironmentManager]
2023-01-31 10:11:00.009  INFO [eureka-client,,,] 2416 --- [main] o.s.j.e.a.AnnotationMBeanExporter        : Located managed bean 'refreshScope': registering with JMX server as MBean [org.springframework.cloud.context.scope.refresh:name=refreshScope,type=RefreshScope]
2023-01-31 10:11:00.021  INFO [eureka-client,,,] 2416 --- [main] o.s.j.e.a.AnnotationMBeanExporter        : Located managed bean 'configurationPropertiesRebinder': registering with JMX server as MBean [org.springframework.cloud.context.properties:name=configurationPropertiesRebinder,context=7a66c35a,type=ConfigurationPropertiesRebinder]
2023-01-31 10:11:00.199  INFO [eureka-client,,,] 2416 --- [main] o.s.c.support.DefaultLifecycleProcessor  : Starting beans in phase 0
2023-01-31 10:11:00.204  INFO [eureka-client,,,] 2416 --- [main] o.s.c.n.eureka.InstanceInfoFactory       : Setting initial instance status as: STARTING
2023-01-31 10:11:00.217  INFO [eureka-client,,,] 2416 --- [main] com.netflix.discovery.DiscoveryClient    : Initializing Eureka in region us-east-1
2023-01-31 10:11:00.218  INFO [eureka-client,,,] 2416 --- [main] c.n.d.provider.DiscoveryJerseyProvider   : Using JSON encoding codec LegacyJacksonJson
2023-01-31 10:11:00.219  INFO [eureka-client,,,] 2416 --- [main] c.n.d.provider.DiscoveryJerseyProvider   : Using JSON decoding codec LegacyJacksonJson
2023-01-31 10:11:00.219  INFO [eureka-client,,,] 2416 --- [main] c.n.d.provider.DiscoveryJerseyProvider   : Using XML encoding codec XStreamXml
2023-01-31 10:11:00.219  INFO [eureka-client,,,] 2416 --- [main] c.n.d.provider.DiscoveryJerseyProvider   : Using XML decoding codec XStreamXml
2023-01-31 10:11:00.286  INFO [eureka-client,,,] 2416 --- [main] c.n.d.s.r.aws.ConfigClusterResolver      : Resolving eureka endpoints via configuration
2023-01-31 10:11:00.287  INFO [eureka-client,,,] 2416 --- [main] com.netflix.discovery.DiscoveryClient    : Disable delta property : false
2023-01-31 10:11:00.287  INFO [eureka-client,,,] 2416 --- [main] com.netflix.discovery.DiscoveryClient    : Single vip registry refresh property : null
2023-01-31 10:11:00.287  INFO [eureka-client,,,] 2416 --- [main] com.netflix.discovery.DiscoveryClient    : Force full registry fetch : false
2023-01-31 10:11:00.287  INFO [eureka-client,,,] 2416 --- [main] com.netflix.discovery.DiscoveryClient    : Application is null : false
2023-01-31 10:11:00.287  INFO [eureka-client,,,] 2416 --- [main] com.netflix.discovery.DiscoveryClient    : Registered Applications size is zero : true
2023-01-31 10:11:00.287  INFO [eureka-client,,,] 2416 --- [main] com.netflix.discovery.DiscoveryClient    : Application version is -1: true
2023-01-31 10:11:00.287  INFO [eureka-client,,,] 2416 --- [main] com.netflix.discovery.DiscoveryClient    : Getting all instance registry info from the eureka server
2023-01-31 10:11:00.299  INFO [eureka-client,,,] 2416 --- [main] com.netflix.discovery.DiscoveryClient    : The response status is 200
2023-01-31 10:11:00.300  INFO [eureka-client,,,] 2416 --- [main] com.netflix.discovery.DiscoveryClient    : Starting heartbeat executor: renew interval is: 30
2023-01-31 10:11:00.302  INFO [eureka-client,,,] 2416 --- [main] c.n.discovery.InstanceInfoReplicator     : InstanceInfoReplicator onDemand update allowed rate per min is 4
2023-01-31 10:11:00.303  INFO [eureka-client,,,] 2416 --- [main] com.netflix.discovery.DiscoveryClient    : Discovery Client initialized at timestamp 1675131060303 with initial instances count: 8
2023-01-31 10:11:00.379  INFO [eureka-client,,,] 2416 --- [main] o.s.c.n.e.s.EurekaServiceRegistry        : Registering application eureka-client with eureka with status UP
2023-01-31 10:11:00.380  INFO [eureka-client,,,] 2416 --- [main] com.netflix.discovery.DiscoveryClient    : Saw local status change event StatusChangeEvent [timestamp=1675131060380, current=UP, previous=STARTING]
2023-01-31 10:11:00.381  INFO [eureka-client,,,] 2416 --- [DiscoveryClient-InstanceInfoReplicator-0] com.netflix.discovery.DiscoveryClient    : DiscoveryClient_EUREKA-CLIENT/26.26.26.1:eureka-client:9001: registering service...
2023-01-31 10:11:00.431  INFO [eureka-client,,,] 2416 --- [DiscoveryClient-InstanceInfoReplicator-0] com.netflix.discovery.DiscoveryClient    : DiscoveryClient_EUREKA-CLIENT/26.26.26.1:eureka-client:9001 - registration status: 204
2023-01-31 10:11:00.434  INFO [eureka-client,,,] 2416 --- [main] s.b.c.e.t.TomcatEmbeddedServletContainer : Tomcat started on port(s): 9001 (http)
2023-01-31 10:11:00.435  INFO [eureka-client,,,] 2416 --- [main] .s.c.n.e.s.EurekaAutoServiceRegistration : Updating port to 9001
2023-01-31 10:11:00.438  INFO [eureka-client,,,] 2416 --- [main] com.gua.EurekaClientApplication          : Started EurekaClientApplication in 9.354 seconds (JVM running for 10.365)
2023-01-31 10:11:08.465  INFO [eureka-client,,,] 2416 --- [http-nio-9001-exec-2] o.a.c.c.C.[Tomcat].[localhost].[/]       : Initializing Spring FrameworkServlet 'dispatcherServlet'
2023-01-31 10:11:08.466  INFO [eureka-client,,,] 2416 --- [http-nio-9001-exec-2] o.s.web.servlet.DispatcherServlet        : FrameworkServlet 'dispatcherServlet': initialization started
2023-01-31 10:11:08.506  INFO [eureka-client,,,] 2416 --- [http-nio-9001-exec-2] o.s.web.servlet.DispatcherServlet        : FrameworkServlet 'dispatcherServlet': initialization completed in 40 ms
2023-01-31 10:16:00.300  INFO [eureka-client,,,] 2416 --- [AsyncResolver-bootstrap-executor-0] c.n.d.s.r.aws.ConfigClusterResolver      : Resolving eureka endpoints via configuration
2023-01-31 10:17:08.018  INFO [eureka-client,,,] 13328 --- [main] s.c.a.AnnotationConfigApplicationContext : Refreshing org.springframework.context.annotation.AnnotationConfigApplicationContext@1698ee84: startup date [Tue Jan 31 10:17:08 CST 2023]; root of context hierarchy
2023-01-31 10:17:08.334  INFO [eureka-client,,,] 13328 --- [main] f.a.AutowiredAnnotationBeanPostProcessor : JSR-330 'javax.inject.Inject' annotation found and supported for autowiring
2023-01-31 10:17:08.365  INFO [eureka-client,,,] 13328 --- [main] trationDelegate$BeanPostProcessorChecker : Bean 'configurationPropertiesRebinderAutoConfiguration' of type [org.springframework.cloud.autoconfigure.ConfigurationPropertiesRebinderAutoConfiguration$$EnhancerBySpringCGLIB$$68367e9] is not eligible for getting processed by all BeanPostProcessors (for example: not eligible for auto-proxying)
2023-01-31 10:17:08.907  INFO [eureka-client,,,] 13328 --- [main] o.s.c.n.eureka.InstanceInfoFactory       : Setting initial instance status as: STARTING
2023-01-31 10:17:08.979  INFO [eureka-client,,,] 13328 --- [main] com.netflix.discovery.DiscoveryClient    : Initializing Eureka in region us-east-1
2023-01-31 10:17:09.366  INFO [eureka-client,,,] 13328 --- [main] c.n.d.provider.DiscoveryJerseyProvider   : Using JSON encoding codec LegacyJacksonJson
2023-01-31 10:17:09.366  INFO [eureka-client,,,] 13328 --- [main] c.n.d.provider.DiscoveryJerseyProvider   : Using JSON decoding codec LegacyJacksonJson
2023-01-31 10:17:09.460  INFO [eureka-client,,,] 13328 --- [main] c.n.d.provider.DiscoveryJerseyProvider   : Using XML encoding codec XStreamXml
2023-01-31 10:17:09.460  INFO [eureka-client,,,] 13328 --- [main] c.n.d.provider.DiscoveryJerseyProvider   : Using XML decoding codec XStreamXml
2023-01-31 10:17:09.616  INFO [eureka-client,,,] 13328 --- [main] c.n.d.s.r.aws.ConfigClusterResolver      : Resolving eureka endpoints via configuration
2023-01-31 10:17:09.811  INFO [eureka-client,,,] 13328 --- [main] com.netflix.discovery.DiscoveryClient    : Disable delta property : false
2023-01-31 10:17:09.812  INFO [eureka-client,,,] 13328 --- [main] com.netflix.discovery.DiscoveryClient    : Single vip registry refresh property : null
2023-01-31 10:17:09.812  INFO [eureka-client,,,] 13328 --- [main] com.netflix.discovery.DiscoveryClient    : Force full registry fetch : false
2023-01-31 10:17:09.812  INFO [eureka-client,,,] 13328 --- [main] com.netflix.discovery.DiscoveryClient    : Application is null : false
2023-01-31 10:17:09.812  INFO [eureka-client,,,] 13328 --- [main] com.netflix.discovery.DiscoveryClient    : Registered Applications size is zero : true
2023-01-31 10:17:09.812  INFO [eureka-client,,,] 13328 --- [main] com.netflix.discovery.DiscoveryClient    : Application version is -1: true
2023-01-31 10:17:09.812  INFO [eureka-client,,,] 13328 --- [main] com.netflix.discovery.DiscoveryClient    : Getting all instance registry info from the eureka server
2023-01-31 10:17:09.973  INFO [eureka-client,,,] 13328 --- [main] com.netflix.discovery.DiscoveryClient    : The response status is 200
2023-01-31 10:17:09.975  INFO [eureka-client,,,] 13328 --- [main] com.netflix.discovery.DiscoveryClient    : Not registering with Eureka server per configuration
2023-01-31 10:17:09.978  INFO [eureka-client,,,] 13328 --- [main] com.netflix.discovery.DiscoveryClient    : Discovery Client initialized at timestamp 1675131429978 with initial instances count: 8
2023-01-31 10:17:10.476  INFO [eureka-client,,,] 13328 --- [main] c.c.c.ConfigServicePropertySourceLocator : Fetching config from server at: http://26.26.26.1:9008/
2023-01-31 10:17:10.864  INFO [eureka-client,,,] 13328 --- [main] c.c.c.ConfigServicePropertySourceLocator : Located environment: name=eureka-client, profiles=[dev], label=null, version=null, state=null
2023-01-31 10:17:10.865  INFO [eureka-client,,,] 13328 --- [main] b.c.PropertySourceBootstrapConfiguration : Located property source: CompositePropertySource [name='configService', propertySources=[MapPropertySource [name='classpath:/shared/eureka-client-dev.yml']]]
2023-01-31 10:17:10.901  INFO [eureka-client,,,] 13328 --- [main] com.gua.EurekaClientApplication          : The following profiles are active: dev
2023-01-31 10:17:10.915  INFO [eureka-client,,,] 13328 --- [main] ationConfigEmbeddedWebApplicationContext : Refreshing org.springframework.boot.context.embedded.AnnotationConfigEmbeddedWebApplicationContext@33eb0d4: startup date [Tue Jan 31 10:17:10 CST 2023]; parent: org.springframework.context.annotation.AnnotationConfigApplicationContext@1698ee84
2023-01-31 10:17:11.430  INFO [eureka-client,,,] 13328 --- [main] o.s.cloud.context.scope.GenericScope     : BeanFactory id=5aae8ff0-aa40-351f-9efb-87b7bf4b9b90
2023-01-31 10:17:11.440  INFO [eureka-client,,,] 13328 --- [main] f.a.AutowiredAnnotationBeanPostProcessor : JSR-330 'javax.inject.Inject' annotation found and supported for autowiring
2023-01-31 10:17:11.497  INFO [eureka-client,,,] 13328 --- [main] trationDelegate$BeanPostProcessorChecker : Bean 'org.springframework.cloud.sleuth.instrument.async.AsyncDefaultAutoConfiguration$DefaultAsyncConfigurerSupport' of type [org.springframework.cloud.sleuth.instrument.async.AsyncDefaultAutoConfiguration$DefaultAsyncConfigurerSupport$$EnhancerBySpringCGLIB$$27ab02af] is not eligible for getting processed by all BeanPostProcessors (for example: not eligible for auto-proxying)
2023-01-31 10:17:11.553  INFO [eureka-client,,,] 13328 --- [main] trationDelegate$BeanPostProcessorChecker : Bean 'org.springframework.cloud.sleuth.annotation.SleuthAnnotationAutoConfiguration' of type [org.springframework.cloud.sleuth.annotation.SleuthAnnotationAutoConfiguration$$EnhancerBySpringCGLIB$$ecceab1e] is not eligible for getting processed by all BeanPostProcessors (for example: not eligible for auto-proxying)
2023-01-31 10:17:11.775  INFO [eureka-client,,,] 13328 --- [main] trationDelegate$BeanPostProcessorChecker : Bean 'sleuthAdvisorConfig' of type [org.springframework.cloud.sleuth.annotation.SleuthAdvisorConfig] is not eligible for getting processed by all BeanPostProcessors (for example: not eligible for auto-proxying)
2023-01-31 10:17:11.778  INFO [eureka-client,,,] 13328 --- [main] trationDelegate$BeanPostProcessorChecker : Bean 'org.springframework.cloud.autoconfigure.ConfigurationPropertiesRebinderAutoConfiguration' of type [org.springframework.cloud.autoconfigure.ConfigurationPropertiesRebinderAutoConfiguration$$EnhancerBySpringCGLIB$$68367e9] is not eligible for getting processed by all BeanPostProcessors (for example: not eligible for auto-proxying)
2023-01-31 10:17:11.797  INFO [eureka-client,,,] 13328 --- [main] trationDelegate$BeanPostProcessorChecker : Bean 'org.springframework.cloud.sleuth.instrument.async.AsyncDefaultAutoConfiguration' of type [org.springframework.cloud.sleuth.instrument.async.AsyncDefaultAutoConfiguration$$EnhancerBySpringCGLIB$$d24d110b] is not eligible for getting processed by all BeanPostProcessors (for example: not eligible for auto-proxying)
2023-01-31 10:17:12.161  INFO [eureka-client,,,] 13328 --- [main] s.b.c.e.t.TomcatEmbeddedServletContainer : Tomcat initialized with port(s): 9001 (http)
2023-01-31 10:17:12.170  INFO [eureka-client,,,] 13328 --- [main] o.apache.catalina.core.StandardService   : Starting service [Tomcat]
2023-01-31 10:17:12.171  INFO [eureka-client,,,] 13328 --- [main] org.apache.catalina.core.StandardEngine  : Starting Servlet Engine: Apache Tomcat/8.5.15
2023-01-31 10:17:12.284  INFO [eureka-client,,,] 13328 --- [localhost-startStop-1] o.a.c.c.C.[Tomcat].[localhost].[/]       : Initializing Spring embedded WebApplicationContext
2023-01-31 10:17:12.285  INFO [eureka-client,,,] 13328 --- [localhost-startStop-1] o.s.web.context.ContextLoader            : Root WebApplicationContext: initialization completed in 1370 ms
2023-01-31 10:17:12.951  INFO [eureka-client,,,] 13328 --- [localhost-startStop-1] o.s.b.w.servlet.FilterRegistrationBean   : Mapping filter: 'characterEncodingFilter' to: [/*]
2023-01-31 10:17:12.952  INFO [eureka-client,,,] 13328 --- [localhost-startStop-1] o.s.b.w.servlet.FilterRegistrationBean   : Mapping filter: 'traceFilter' to: [/*]
2023-01-31 10:17:12.952  INFO [eureka-client,,,] 13328 --- [localhost-startStop-1] o.s.b.w.servlet.FilterRegistrationBean   : Mapping filter: 'hiddenHttpMethodFilter' to: [/*]
2023-01-31 10:17:12.952  INFO [eureka-client,,,] 13328 --- [localhost-startStop-1] o.s.b.w.servlet.FilterRegistrationBean   : Mapping filter: 'httpPutFormContentFilter' to: [/*]
2023-01-31 10:17:12.952  INFO [eureka-client,,,] 13328 --- [localhost-startStop-1] o.s.b.w.servlet.FilterRegistrationBean   : Mapping filter: 'requestContextFilter' to: [/*]
2023-01-31 10:17:12.952  INFO [eureka-client,,,] 13328 --- [localhost-startStop-1] o.s.b.w.servlet.ServletRegistrationBean  : Mapping servlet: 'dispatcherServlet' to [/]
2023-01-31 10:17:14.335  INFO [eureka-client,,,] 13328 --- [main] s.w.s.m.m.a.RequestMappingHandlerAdapter : Looking for @ControllerAdvice: org.springframework.boot.context.embedded.AnnotationConfigEmbeddedWebApplicationContext@33eb0d4: startup date [Tue Jan 31 10:17:10 CST 2023]; parent: org.springframework.context.annotation.AnnotationConfigApplicationContext@1698ee84
2023-01-31 10:17:14.463  INFO [eureka-client,,,] 13328 --- [main] s.w.s.m.m.a.RequestMappingHandlerMapping : Mapped "{[/csvt/test]}" onto public java.lang.String com.gua.controller.ConfigServerValueTestController.test()
2023-01-31 10:17:14.465  INFO [eureka-client,,,] 13328 --- [main] s.w.s.m.m.a.RequestMappingHandlerMapping : Mapped "{[/home],methods=[GET]}" onto public java.lang.String com.gua.controller.HomeController.home()
2023-01-31 10:17:14.468  INFO [eureka-client,,,] 13328 --- [main] s.w.s.m.m.a.RequestMappingHandlerMapping : Mapped "{[/error]}" onto public org.springframework.http.ResponseEntity<java.util.Map<java.lang.String, java.lang.Object>> org.springframework.boot.autoconfigure.web.BasicErrorController.error(javax.servlet.http.HttpServletRequest)
2023-01-31 10:17:14.469  INFO [eureka-client,,,] 13328 --- [main] s.w.s.m.m.a.RequestMappingHandlerMapping : Mapped "{[/error],produces=[text/html]}" onto public org.springframework.web.servlet.ModelAndView org.springframework.boot.autoconfigure.web.BasicErrorController.errorHtml(javax.servlet.http.HttpServletRequest,javax.servlet.http.HttpServletResponse)
2023-01-31 10:17:14.593  INFO [eureka-client,,,] 13328 --- [main] o.s.w.s.handler.SimpleUrlHandlerMapping  : Mapped URL path [/webjars/**] onto handler of type [class org.springframework.web.servlet.resource.ResourceHttpRequestHandler]
2023-01-31 10:17:14.593  INFO [eureka-client,,,] 13328 --- [main] o.s.w.s.handler.SimpleUrlHandlerMapping  : Mapped URL path [/**] onto handler of type [class org.springframework.web.servlet.resource.ResourceHttpRequestHandler]
2023-01-31 10:17:14.674  INFO [eureka-client,,,] 13328 --- [main] o.s.w.s.handler.SimpleUrlHandlerMapping  : Mapped URL path [/**/favicon.ico] onto handler of type [class org.springframework.web.servlet.resource.ResourceHttpRequestHandler]
2023-01-31 10:17:15.339  WARN [eureka-client,,,] 13328 --- [main] c.n.c.sources.URLConfigurationSource     : No URLs will be polled as dynamic configuration sources.
2023-01-31 10:17:15.339  INFO [eureka-client,,,] 13328 --- [main] c.n.c.sources.URLConfigurationSource     : To enable URLs as dynamic configuration sources, define System property archaius.configurationSource.additionalUrls or make config.properties available on classpath.
2023-01-31 10:17:15.343  WARN [eureka-client,,,] 13328 --- [main] c.n.c.sources.URLConfigurationSource     : No URLs will be polled as dynamic configuration sources.
2023-01-31 10:17:15.343  INFO [eureka-client,,,] 13328 --- [main] c.n.c.sources.URLConfigurationSource     : To enable URLs as dynamic configuration sources, define System property archaius.configurationSource.additionalUrls or make config.properties available on classpath.
2023-01-31 10:17:15.400  INFO [eureka-client,,,] 13328 --- [main] com.netflix.discovery.DiscoveryClient    : Shutting down DiscoveryClient ...
2023-01-31 10:17:15.406  INFO [eureka-client,,,] 13328 --- [main] com.netflix.discovery.DiscoveryClient    : Completed shut down of DiscoveryClient
2023-01-31 10:17:15.535  INFO [eureka-client,,,] 13328 --- [main] o.s.s.c.ThreadPoolTaskScheduler          : Initializing ExecutorService 
2023-01-31 10:17:15.713  INFO [eureka-client,,,] 13328 --- [main] o.s.j.e.a.AnnotationMBeanExporter        : Registering beans for JMX exposure on startup
2023-01-31 10:17:15.721  INFO [eureka-client,,,] 13328 --- [main] o.s.j.e.a.AnnotationMBeanExporter        : Bean with name 'environmentManager' has been autodetected for JMX exposure
2023-01-31 10:17:15.722  INFO [eureka-client,,,] 13328 --- [main] o.s.j.e.a.AnnotationMBeanExporter        : Bean with name 'configurationPropertiesRebinder' has been autodetected for JMX exposure
2023-01-31 10:17:15.724  INFO [eureka-client,,,] 13328 --- [main] o.s.j.e.a.AnnotationMBeanExporter        : Bean with name 'refreshScope' has been autodetected for JMX exposure
2023-01-31 10:17:15.726  INFO [eureka-client,,,] 13328 --- [main] o.s.j.e.a.AnnotationMBeanExporter        : Located managed bean 'environmentManager': registering with JMX server as MBean [org.springframework.cloud.context.environment:name=environmentManager,type=EnvironmentManager]
2023-01-31 10:17:15.738  INFO [eureka-client,,,] 13328 --- [main] o.s.j.e.a.AnnotationMBeanExporter        : Located managed bean 'refreshScope': registering with JMX server as MBean [org.springframework.cloud.context.scope.refresh:name=refreshScope,type=RefreshScope]
2023-01-31 10:17:15.747  INFO [eureka-client,,,] 13328 --- [main] o.s.j.e.a.AnnotationMBeanExporter        : Located managed bean 'configurationPropertiesRebinder': registering with JMX server as MBean [org.springframework.cloud.context.properties:name=configurationPropertiesRebinder,context=33eb0d4,type=ConfigurationPropertiesRebinder]
2023-01-31 10:17:15.929  INFO [eureka-client,,,] 13328 --- [main] o.s.c.support.DefaultLifecycleProcessor  : Starting beans in phase 0
2023-01-31 10:17:15.933  INFO [eureka-client,,,] 13328 --- [main] o.s.c.n.eureka.InstanceInfoFactory       : Setting initial instance status as: STARTING
2023-01-31 10:17:15.949  INFO [eureka-client,,,] 13328 --- [main] com.netflix.discovery.DiscoveryClient    : Initializing Eureka in region us-east-1
2023-01-31 10:17:15.951  INFO [eureka-client,,,] 13328 --- [main] c.n.d.provider.DiscoveryJerseyProvider   : Using JSON encoding codec LegacyJacksonJson
2023-01-31 10:17:15.951  INFO [eureka-client,,,] 13328 --- [main] c.n.d.provider.DiscoveryJerseyProvider   : Using JSON decoding codec LegacyJacksonJson
2023-01-31 10:17:15.951  INFO [eureka-client,,,] 13328 --- [main] c.n.d.provider.DiscoveryJerseyProvider   : Using XML encoding codec XStreamXml
2023-01-31 10:17:15.951  INFO [eureka-client,,,] 13328 --- [main] c.n.d.provider.DiscoveryJerseyProvider   : Using XML decoding codec XStreamXml
2023-01-31 10:17:16.016  INFO [eureka-client,,,] 13328 --- [main] c.n.d.s.r.aws.ConfigClusterResolver      : Resolving eureka endpoints via configuration
2023-01-31 10:17:16.016  INFO [eureka-client,,,] 13328 --- [main] com.netflix.discovery.DiscoveryClient    : Disable delta property : false
2023-01-31 10:17:16.017  INFO [eureka-client,,,] 13328 --- [main] com.netflix.discovery.DiscoveryClient    : Single vip registry refresh property : null
2023-01-31 10:17:16.017  INFO [eureka-client,,,] 13328 --- [main] com.netflix.discovery.DiscoveryClient    : Force full registry fetch : false
2023-01-31 10:17:16.017  INFO [eureka-client,,,] 13328 --- [main] com.netflix.discovery.DiscoveryClient    : Application is null : false
2023-01-31 10:17:16.017  INFO [eureka-client,,,] 13328 --- [main] com.netflix.discovery.DiscoveryClient    : Registered Applications size is zero : true
2023-01-31 10:17:16.017  INFO [eureka-client,,,] 13328 --- [main] com.netflix.discovery.DiscoveryClient    : Application version is -1: true
2023-01-31 10:17:16.017  INFO [eureka-client,,,] 13328 --- [main] com.netflix.discovery.DiscoveryClient    : Getting all instance registry info from the eureka server
2023-01-31 10:17:16.022  INFO [eureka-client,,,] 13328 --- [main] com.netflix.discovery.DiscoveryClient    : The response status is 200
2023-01-31 10:17:16.023  INFO [eureka-client,,,] 13328 --- [main] com.netflix.discovery.DiscoveryClient    : Starting heartbeat executor: renew interval is: 30
2023-01-31 10:17:16.025  INFO [eureka-client,,,] 13328 --- [main] c.n.discovery.InstanceInfoReplicator     : InstanceInfoReplicator onDemand update allowed rate per min is 4
2023-01-31 10:17:16.026  INFO [eureka-client,,,] 13328 --- [main] com.netflix.discovery.DiscoveryClient    : Discovery Client initialized at timestamp 1675131436026 with initial instances count: 8
2023-01-31 10:17:16.097  INFO [eureka-client,,,] 13328 --- [main] o.s.c.n.e.s.EurekaServiceRegistry        : Registering application eureka-client with eureka with status UP
2023-01-31 10:17:16.098  INFO [eureka-client,,,] 13328 --- [main] com.netflix.discovery.DiscoveryClient    : Saw local status change event StatusChangeEvent [timestamp=1675131436098, current=UP, previous=STARTING]
2023-01-31 10:17:16.099  INFO [eureka-client,,,] 13328 --- [DiscoveryClient-InstanceInfoReplicator-0] com.netflix.discovery.DiscoveryClient    : DiscoveryClient_EUREKA-CLIENT/26.26.26.1:eureka-client:9001: registering service...
2023-01-31 10:17:16.125 ERROR [eureka-client,,,] 13328 --- [main] o.a.coyote.http11.Http11NioProtocol      : Failed to start end point associated with ProtocolHandler ["http-nio-9001"]

java.net.BindException: Address already in use: bind
	at sun.nio.ch.Net.bind0(Native Method)
	at sun.nio.ch.Net.bind(Net.java:438)
	at sun.nio.ch.Net.bind(Net.java:430)
	at sun.nio.ch.ServerSocketChannelImpl.bind(ServerSocketChannelImpl.java:225)
	at sun.nio.ch.ServerSocketAdaptor.bind(ServerSocketAdaptor.java:74)
	at org.apache.tomcat.util.net.NioEndpoint.bind(NioEndpoint.java:210)
	at org.apache.tomcat.util.net.AbstractEndpoint.start(AbstractEndpoint.java:978)
	at org.apache.coyote.AbstractProtocol.start(AbstractProtocol.java:628)
	at org.apache.catalina.connector.Connector.startInternal(Connector.java:1022)
	at org.apache.catalina.util.LifecycleBase.start(LifecycleBase.java:150)
	at org.apache.catalina.core.StandardService.addConnector(StandardService.java:225)
	at org.springframework.boot.context.embedded.tomcat.TomcatEmbeddedServletContainer.addPreviouslyRemovedConnectors(TomcatEmbeddedServletContainer.java:250)
	at org.springframework.boot.context.embedded.tomcat.TomcatEmbeddedServletContainer.start(TomcatEmbeddedServletContainer.java:193)
	at org.springframework.boot.context.embedded.EmbeddedWebApplicationContext.startEmbeddedServletContainer(EmbeddedWebApplicationContext.java:297)
	at org.springframework.boot.context.embedded.EmbeddedWebApplicationContext.finishRefresh(EmbeddedWebApplicationContext.java:145)
	at org.springframework.context.support.AbstractApplicationContext.refresh(AbstractApplicationContext.java:546)
	at org.springframework.boot.context.embedded.EmbeddedWebApplicationContext.refresh(EmbeddedWebApplicationContext.java:122)
	at org.springframework.boot.SpringApplication.refresh(SpringApplication.java:693)
	at org.springframework.boot.SpringApplication.refreshContext(SpringApplication.java:360)
	at org.springframework.boot.SpringApplication.run(SpringApplication.java:303)
	at org.springframework.boot.SpringApplication.run(SpringApplication.java:1118)
	at org.springframework.boot.SpringApplication.run(SpringApplication.java:1107)
	at com.gua.EurekaClientApplication.main(EurekaClientApplication.java:13)

2023-01-31 10:17:16.126 ERROR [eureka-client,,,] 13328 --- [main] o.apache.catalina.core.StandardService   : Failed to start connector [Connector[HTTP/1.1-9001]]

org.apache.catalina.LifecycleException: Failed to start component [Connector[HTTP/1.1-9001]]
	at org.apache.catalina.util.LifecycleBase.start(LifecycleBase.java:167)
	at org.apache.catalina.core.StandardService.addConnector(StandardService.java:225)
	at org.springframework.boot.context.embedded.tomcat.TomcatEmbeddedServletContainer.addPreviouslyRemovedConnectors(TomcatEmbeddedServletContainer.java:250)
	at org.springframework.boot.context.embedded.tomcat.TomcatEmbeddedServletContainer.start(TomcatEmbeddedServletContainer.java:193)
	at org.springframework.boot.context.embedded.EmbeddedWebApplicationContext.startEmbeddedServletContainer(EmbeddedWebApplicationContext.java:297)
	at org.springframework.boot.context.embedded.EmbeddedWebApplicationContext.finishRefresh(EmbeddedWebApplicationContext.java:145)
	at org.springframework.context.support.AbstractApplicationContext.refresh(AbstractApplicationContext.java:546)
	at org.springframework.boot.context.embedded.EmbeddedWebApplicationContext.refresh(EmbeddedWebApplicationContext.java:122)
	at org.springframework.boot.SpringApplication.refresh(SpringApplication.java:693)
	at org.springframework.boot.SpringApplication.refreshContext(SpringApplication.java:360)
	at org.springframework.boot.SpringApplication.run(SpringApplication.java:303)
	at org.springframework.boot.SpringApplication.run(SpringApplication.java:1118)
	at org.springframework.boot.SpringApplication.run(SpringApplication.java:1107)
	at com.gua.EurekaClientApplication.main(EurekaClientApplication.java:13)
Caused by: org.apache.catalina.LifecycleException: service.getName(): "Tomcat";  Protocol handler start failed
	at org.apache.catalina.connector.Connector.startInternal(Connector.java:1029)
	at org.apache.catalina.util.LifecycleBase.start(LifecycleBase.java:150)
	... 13 common frames omitted
Caused by: java.net.BindException: Address already in use: bind
	at sun.nio.ch.Net.bind0(Native Method)
	at sun.nio.ch.Net.bind(Net.java:438)
	at sun.nio.ch.Net.bind(Net.java:430)
	at sun.nio.ch.ServerSocketChannelImpl.bind(ServerSocketChannelImpl.java:225)
	at sun.nio.ch.ServerSocketAdaptor.bind(ServerSocketAdaptor.java:74)
	at org.apache.tomcat.util.net.NioEndpoint.bind(NioEndpoint.java:210)
	at org.apache.tomcat.util.net.AbstractEndpoint.start(AbstractEndpoint.java:978)
	at org.apache.coyote.AbstractProtocol.start(AbstractProtocol.java:628)
	at org.apache.catalina.connector.Connector.startInternal(Connector.java:1022)
	... 14 common frames omitted

2023-01-31 10:17:16.134  INFO [eureka-client,,,] 13328 --- [main] o.apache.catalina.core.StandardService   : Stopping service [Tomcat]
2023-01-31 10:17:16.134  INFO [eureka-client,,,] 13328 --- [DiscoveryClient-InstanceInfoReplicator-0] com.netflix.discovery.DiscoveryClient    : DiscoveryClient_EUREKA-CLIENT/26.26.26.1:eureka-client:9001 - registration status: 204
2023-01-31 10:17:16.139  WARN [eureka-client,,,] 13328 --- [localhost-startStop-1] o.a.c.loader.WebappClassLoaderBase       : The web application [ROOT] appears to have started a thread named [AsyncReporter(org.springframework.cloud.sleuth.zipkin.RestTemplateSender@5b848efe)] but has failed to stop it. This is very likely to create a memory leak. Stack trace of thread:
 sun.misc.Unsafe.park(Native Method)
 java.util.concurrent.locks.LockSupport.parkNanos(LockSupport.java:215)
 java.util.concurrent.locks.AbstractQueuedSynchronizer$ConditionObject.awaitNanos(AbstractQueuedSynchronizer.java:2078)
 zipkin.reporter.ByteBoundedQueue.drainTo(ByteBoundedQueue.java:83)
 zipkin.reporter.AsyncReporter$BoundedAsyncReporter.flush(AsyncReporter.java:212)
 zipkin.reporter.AsyncReporter$Builder.lambda$build$0(AsyncReporter.java:153)
 zipkin.reporter.AsyncReporter$Builder$$Lambda$1.run(Unknown Source)
 java.lang.Thread.run(Thread.java:750)
2023-01-31 10:17:16.146  INFO [eureka-client,,,] 13328 --- [main] utoConfigurationReportLoggingInitializer : 

Error starting ApplicationContext. To display the auto-configuration report re-run your application with 'debug' enabled.
2023-01-31 10:17:16.154 ERROR [eureka-client,,,] 13328 --- [main] o.s.b.d.LoggingFailureAnalysisReporter   : 

***************************
APPLICATION FAILED TO START
***************************

Description:

The Tomcat connector configured to listen on port 9001 failed to start. The port may already be in use or the connector may be misconfigured.

Action:

Verify the connector's configuration, identify and stop any process that's listening on port 9001, or configure this application to listen on another port.

2023-01-31 10:17:16.155  INFO [eureka-client,,,] 13328 --- [main] ationConfigEmbeddedWebApplicationContext : Closing org.springframework.boot.context.embedded.AnnotationConfigEmbeddedWebApplicationContext@33eb0d4: startup date [Tue Jan 31 10:17:10 CST 2023]; parent: org.springframework.context.annotation.AnnotationConfigApplicationContext@1698ee84
2023-01-31 10:17:16.156  INFO [eureka-client,,,] 13328 --- [main] o.s.c.n.e.s.EurekaServiceRegistry        : Unregistering application eureka-client with eureka with status DOWN
2023-01-31 10:17:16.156  WARN [eureka-client,,,] 13328 --- [main] com.netflix.discovery.DiscoveryClient    : Saw local status change event StatusChangeEvent [timestamp=1675131436156, current=DOWN, previous=UP]
2023-01-31 10:17:16.157  INFO [eureka-client,,,] 13328 --- [main] com.netflix.discovery.DiscoveryClient    : Shutting down DiscoveryClient ...
2023-01-31 10:17:16.157  INFO [eureka-client,,,] 13328 --- [DiscoveryClient-InstanceInfoReplicator-0] com.netflix.discovery.DiscoveryClient    : DiscoveryClient_EUREKA-CLIENT/26.26.26.1:eureka-client:9001: registering service...
2023-01-31 10:17:16.157  INFO [eureka-client,,,] 13328 --- [main] com.netflix.discovery.DiscoveryClient    : Unregistering ...
2023-01-31 10:17:16.162  INFO [eureka-client,,,] 13328 --- [main] com.netflix.discovery.DiscoveryClient    : DiscoveryClient_EUREKA-CLIENT/26.26.26.1:eureka-client:9001 - deregister  status: 200
2023-01-31 10:17:16.167  INFO [eureka-client,,,] 13328 --- [main] com.netflix.discovery.DiscoveryClient    : Completed shut down of DiscoveryClient
2023-01-31 10:17:16.168  INFO [eureka-client,,,] 13328 --- [main] o.s.c.support.DefaultLifecycleProcessor  : Stopping beans in phase 0
2023-01-31 10:17:16.171  INFO [eureka-client,,,] 13328 --- [main] o.s.j.e.a.AnnotationMBeanExporter        : Unregistering JMX-exposed beans on shutdown
2023-01-31 10:17:16.171  INFO [eureka-client,,,] 13328 --- [main] o.s.j.e.a.AnnotationMBeanExporter        : Unregistering JMX-exposed beans
2023-01-31 10:17:16.175  INFO [eureka-client,,,] 13328 --- [DiscoveryClient-InstanceInfoReplicator-0] com.netflix.discovery.DiscoveryClient    : DiscoveryClient_EUREKA-CLIENT/26.26.26.1:eureka-client:9001 - registration status: 204
2023-01-31 10:17:27.937  INFO [eureka-client,,,] 2416 --- [Thread-24] ationConfigEmbeddedWebApplicationContext : Closing org.springframework.boot.context.embedded.AnnotationConfigEmbeddedWebApplicationContext@7a66c35a: startup date [Tue Jan 31 10:10:55 CST 2023]; parent: org.springframework.context.annotation.AnnotationConfigApplicationContext@19ae6bb
2023-01-31 10:17:27.939  INFO [eureka-client,,,] 2416 --- [Thread-24] o.s.c.n.e.s.EurekaServiceRegistry        : Unregistering application eureka-client with eureka with status DOWN
2023-01-31 10:17:27.939  WARN [eureka-client,,,] 2416 --- [Thread-24] com.netflix.discovery.DiscoveryClient    : Saw local status change event StatusChangeEvent [timestamp=1675131447939, current=DOWN, previous=UP]
2023-01-31 10:17:27.939  INFO [eureka-client,,,] 2416 --- [DiscoveryClient-InstanceInfoReplicator-0] com.netflix.discovery.DiscoveryClient    : DiscoveryClient_EUREKA-CLIENT/26.26.26.1:eureka-client:9001: registering service...
2023-01-31 10:17:27.940  INFO [eureka-client,,,] 2416 --- [Thread-24] com.netflix.discovery.DiscoveryClient    : Shutting down DiscoveryClient ...
2023-01-31 10:17:27.940  INFO [eureka-client,,,] 2416 --- [Thread-24] com.netflix.discovery.DiscoveryClient    : Unregistering ...
2023-01-31 10:17:27.946  INFO [eureka-client,,,] 2416 --- [Thread-24] com.netflix.discovery.DiscoveryClient    : DiscoveryClient_EUREKA-CLIENT/26.26.26.1:eureka-client:9001 - deregister  status: 200
2023-01-31 10:17:27.946  INFO [eureka-client,,,] 2416 --- [DiscoveryClient-InstanceInfoReplicator-0] com.netflix.discovery.DiscoveryClient    : DiscoveryClient_EUREKA-CLIENT/26.26.26.1:eureka-client:9001 - registration status: 204
2023-01-31 10:17:27.952  INFO [eureka-client,,,] 2416 --- [Thread-24] com.netflix.discovery.DiscoveryClient    : Completed shut down of DiscoveryClient
2023-01-31 10:17:27.953  INFO [eureka-client,,,] 2416 --- [Thread-24] o.s.c.support.DefaultLifecycleProcessor  : Stopping beans in phase 0
2023-01-31 10:17:27.955  INFO [eureka-client,,,] 2416 --- [Thread-24] o.s.j.e.a.AnnotationMBeanExporter        : Unregistering JMX-exposed beans on shutdown
2023-01-31 10:17:27.955  INFO [eureka-client,,,] 2416 --- [Thread-24] o.s.j.e.a.AnnotationMBeanExporter        : Unregistering JMX-exposed beans
2023-01-31 10:17:32.538  INFO [eureka-client,,,] 25156 --- [main] s.c.a.AnnotationConfigApplicationContext : Refreshing org.springframework.context.annotation.AnnotationConfigApplicationContext@63b1d4fa: startup date [Tue Jan 31 10:17:32 CST 2023]; root of context hierarchy
2023-01-31 10:17:32.929  INFO [eureka-client,,,] 25156 --- [main] f.a.AutowiredAnnotationBeanPostProcessor : JSR-330 'javax.inject.Inject' annotation found and supported for autowiring
2023-01-31 10:17:32.973  INFO [eureka-client,,,] 25156 --- [main] trationDelegate$BeanPostProcessorChecker : Bean 'configurationPropertiesRebinderAutoConfiguration' of type [org.springframework.cloud.autoconfigure.ConfigurationPropertiesRebinderAutoConfiguration$$EnhancerBySpringCGLIB$$8557ea34] is not eligible for getting processed by all BeanPostProcessors (for example: not eligible for auto-proxying)
2023-01-31 10:17:33.570  INFO [eureka-client,,,] 25156 --- [main] o.s.c.n.eureka.InstanceInfoFactory       : Setting initial instance status as: STARTING
2023-01-31 10:17:33.638  INFO [eureka-client,,,] 25156 --- [main] com.netflix.discovery.DiscoveryClient    : Initializing Eureka in region us-east-1
2023-01-31 10:17:34.076  INFO [eureka-client,,,] 25156 --- [main] c.n.d.provider.DiscoveryJerseyProvider   : Using JSON encoding codec LegacyJacksonJson
2023-01-31 10:17:34.077  INFO [eureka-client,,,] 25156 --- [main] c.n.d.provider.DiscoveryJerseyProvider   : Using JSON decoding codec LegacyJacksonJson
2023-01-31 10:17:34.159  INFO [eureka-client,,,] 25156 --- [main] c.n.d.provider.DiscoveryJerseyProvider   : Using XML encoding codec XStreamXml
2023-01-31 10:17:34.161  INFO [eureka-client,,,] 25156 --- [main] c.n.d.provider.DiscoveryJerseyProvider   : Using XML decoding codec XStreamXml
2023-01-31 10:17:34.326  INFO [eureka-client,,,] 25156 --- [main] c.n.d.s.r.aws.ConfigClusterResolver      : Resolving eureka endpoints via configuration
2023-01-31 10:17:34.536  INFO [eureka-client,,,] 25156 --- [main] com.netflix.discovery.DiscoveryClient    : Disable delta property : false
2023-01-31 10:17:34.536  INFO [eureka-client,,,] 25156 --- [main] com.netflix.discovery.DiscoveryClient    : Single vip registry refresh property : null
2023-01-31 10:17:34.536  INFO [eureka-client,,,] 25156 --- [main] com.netflix.discovery.DiscoveryClient    : Force full registry fetch : false
2023-01-31 10:17:34.536  INFO [eureka-client,,,] 25156 --- [main] com.netflix.discovery.DiscoveryClient    : Application is null : false
2023-01-31 10:17:34.536  INFO [eureka-client,,,] 25156 --- [main] com.netflix.discovery.DiscoveryClient    : Registered Applications size is zero : true
2023-01-31 10:17:34.537  INFO [eureka-client,,,] 25156 --- [main] com.netflix.discovery.DiscoveryClient    : Application version is -1: true
2023-01-31 10:17:34.537  INFO [eureka-client,,,] 25156 --- [main] com.netflix.discovery.DiscoveryClient    : Getting all instance registry info from the eureka server
2023-01-31 10:17:34.663  INFO [eureka-client,,,] 25156 --- [main] com.netflix.discovery.DiscoveryClient    : The response status is 200
2023-01-31 10:17:34.666  INFO [eureka-client,,,] 25156 --- [main] com.netflix.discovery.DiscoveryClient    : Not registering with Eureka server per configuration
2023-01-31 10:17:34.669  INFO [eureka-client,,,] 25156 --- [main] com.netflix.discovery.DiscoveryClient    : Discovery Client initialized at timestamp 1675131454669 with initial instances count: 8
2023-01-31 10:17:35.150  INFO [eureka-client,,,] 25156 --- [main] c.c.c.ConfigServicePropertySourceLocator : Fetching config from server at: http://26.26.26.1:9008/
2023-01-31 10:17:35.587  INFO [eureka-client,,,] 25156 --- [main] c.c.c.ConfigServicePropertySourceLocator : Located environment: name=eureka-client, profiles=[dev], label=null, version=null, state=null
2023-01-31 10:17:35.588  INFO [eureka-client,,,] 25156 --- [main] b.c.PropertySourceBootstrapConfiguration : Located property source: CompositePropertySource [name='configService', propertySources=[MapPropertySource [name='classpath:/shared/eureka-client-dev.yml']]]
2023-01-31 10:17:35.626  INFO [eureka-client,,,] 25156 --- [main] com.gua.EurekaClientApplication          : The following profiles are active: dev
2023-01-31 10:17:35.640  INFO [eureka-client,,,] 25156 --- [main] ationConfigEmbeddedWebApplicationContext : Refreshing org.springframework.boot.context.embedded.AnnotationConfigEmbeddedWebApplicationContext@1291aab5: startup date [Tue Jan 31 10:17:35 CST 2023]; parent: org.springframework.context.annotation.AnnotationConfigApplicationContext@63b1d4fa
2023-01-31 10:17:36.150  INFO [eureka-client,,,] 25156 --- [main] o.s.cloud.context.scope.GenericScope     : BeanFactory id=5aae8ff0-aa40-351f-9efb-87b7bf4b9b90
2023-01-31 10:17:36.160  INFO [eureka-client,,,] 25156 --- [main] f.a.AutowiredAnnotationBeanPostProcessor : JSR-330 'javax.inject.Inject' annotation found and supported for autowiring
2023-01-31 10:17:36.220  INFO [eureka-client,,,] 25156 --- [main] trationDelegate$BeanPostProcessorChecker : Bean 'org.springframework.cloud.sleuth.instrument.async.AsyncDefaultAutoConfiguration$DefaultAsyncConfigurerSupport' of type [org.springframework.cloud.sleuth.instrument.async.AsyncDefaultAutoConfiguration$DefaultAsyncConfigurerSupport$$EnhancerBySpringCGLIB$$a67f84fa] is not eligible for getting processed by all BeanPostProcessors (for example: not eligible for auto-proxying)
2023-01-31 10:17:36.279  INFO [eureka-client,,,] 25156 --- [main] trationDelegate$BeanPostProcessorChecker : Bean 'org.springframework.cloud.sleuth.annotation.SleuthAnnotationAutoConfiguration' of type [org.springframework.cloud.sleuth.annotation.SleuthAnnotationAutoConfiguration$$EnhancerBySpringCGLIB$$6ba32d69] is not eligible for getting processed by all BeanPostProcessors (for example: not eligible for auto-proxying)
2023-01-31 10:17:36.506  INFO [eureka-client,,,] 25156 --- [main] trationDelegate$BeanPostProcessorChecker : Bean 'sleuthAdvisorConfig' of type [org.springframework.cloud.sleuth.annotation.SleuthAdvisorConfig] is not eligible for getting processed by all BeanPostProcessors (for example: not eligible for auto-proxying)
2023-01-31 10:17:36.509  INFO [eureka-client,,,] 25156 --- [main] trationDelegate$BeanPostProcessorChecker : Bean 'org.springframework.cloud.autoconfigure.ConfigurationPropertiesRebinderAutoConfiguration' of type [org.springframework.cloud.autoconfigure.ConfigurationPropertiesRebinderAutoConfiguration$$EnhancerBySpringCGLIB$$8557ea34] is not eligible for getting processed by all BeanPostProcessors (for example: not eligible for auto-proxying)
2023-01-31 10:17:36.528  INFO [eureka-client,,,] 25156 --- [main] trationDelegate$BeanPostProcessorChecker : Bean 'org.springframework.cloud.sleuth.instrument.async.AsyncDefaultAutoConfiguration' of type [org.springframework.cloud.sleuth.instrument.async.AsyncDefaultAutoConfiguration$$EnhancerBySpringCGLIB$$51219356] is not eligible for getting processed by all BeanPostProcessors (for example: not eligible for auto-proxying)
2023-01-31 10:17:36.891  INFO [eureka-client,,,] 25156 --- [main] s.b.c.e.t.TomcatEmbeddedServletContainer : Tomcat initialized with port(s): 9001 (http)
2023-01-31 10:17:36.899  INFO [eureka-client,,,] 25156 --- [main] o.apache.catalina.core.StandardService   : Starting service [Tomcat]
2023-01-31 10:17:36.900  INFO [eureka-client,,,] 25156 --- [main] org.apache.catalina.core.StandardEngine  : Starting Servlet Engine: Apache Tomcat/8.5.15
2023-01-31 10:17:37.013  INFO [eureka-client,,,] 25156 --- [localhost-startStop-1] o.a.c.c.C.[Tomcat].[localhost].[/]       : Initializing Spring embedded WebApplicationContext
2023-01-31 10:17:37.013  INFO [eureka-client,,,] 25156 --- [localhost-startStop-1] o.s.web.context.ContextLoader            : Root WebApplicationContext: initialization completed in 1373 ms
2023-01-31 10:17:37.665  INFO [eureka-client,,,] 25156 --- [localhost-startStop-1] o.s.b.w.servlet.FilterRegistrationBean   : Mapping filter: 'characterEncodingFilter' to: [/*]
2023-01-31 10:17:37.666  INFO [eureka-client,,,] 25156 --- [localhost-startStop-1] o.s.b.w.servlet.FilterRegistrationBean   : Mapping filter: 'traceFilter' to: [/*]
2023-01-31 10:17:37.666  INFO [eureka-client,,,] 25156 --- [localhost-startStop-1] o.s.b.w.servlet.FilterRegistrationBean   : Mapping filter: 'hiddenHttpMethodFilter' to: [/*]
2023-01-31 10:17:37.666  INFO [eureka-client,,,] 25156 --- [localhost-startStop-1] o.s.b.w.servlet.FilterRegistrationBean   : Mapping filter: 'httpPutFormContentFilter' to: [/*]
2023-01-31 10:17:37.666  INFO [eureka-client,,,] 25156 --- [localhost-startStop-1] o.s.b.w.servlet.FilterRegistrationBean   : Mapping filter: 'requestContextFilter' to: [/*]
2023-01-31 10:17:37.666  INFO [eureka-client,,,] 25156 --- [localhost-startStop-1] o.s.b.w.servlet.ServletRegistrationBean  : Mapping servlet: 'dispatcherServlet' to [/]
2023-01-31 10:17:39.061  INFO [eureka-client,,,] 25156 --- [main] s.w.s.m.m.a.RequestMappingHandlerAdapter : Looking for @ControllerAdvice: org.springframework.boot.context.embedded.AnnotationConfigEmbeddedWebApplicationContext@1291aab5: startup date [Tue Jan 31 10:17:35 CST 2023]; parent: org.springframework.context.annotation.AnnotationConfigApplicationContext@63b1d4fa
2023-01-31 10:17:39.195  INFO [eureka-client,,,] 25156 --- [main] s.w.s.m.m.a.RequestMappingHandlerMapping : Mapped "{[/csvt/test]}" onto public java.lang.String com.gua.controller.ConfigServerValueTestController.test()
2023-01-31 10:17:39.197  INFO [eureka-client,,,] 25156 --- [main] s.w.s.m.m.a.RequestMappingHandlerMapping : Mapped "{[/home],methods=[GET]}" onto public java.lang.String com.gua.controller.HomeController.home()
2023-01-31 10:17:39.200  INFO [eureka-client,,,] 25156 --- [main] s.w.s.m.m.a.RequestMappingHandlerMapping : Mapped "{[/error]}" onto public org.springframework.http.ResponseEntity<java.util.Map<java.lang.String, java.lang.Object>> org.springframework.boot.autoconfigure.web.BasicErrorController.error(javax.servlet.http.HttpServletRequest)
2023-01-31 10:17:39.201  INFO [eureka-client,,,] 25156 --- [main] s.w.s.m.m.a.RequestMappingHandlerMapping : Mapped "{[/error],produces=[text/html]}" onto public org.springframework.web.servlet.ModelAndView org.springframework.boot.autoconfigure.web.BasicErrorController.errorHtml(javax.servlet.http.HttpServletRequest,javax.servlet.http.HttpServletResponse)
2023-01-31 10:17:39.349  INFO [eureka-client,,,] 25156 --- [main] o.s.w.s.handler.SimpleUrlHandlerMapping  : Mapped URL path [/webjars/**] onto handler of type [class org.springframework.web.servlet.resource.ResourceHttpRequestHandler]
2023-01-31 10:17:39.349  INFO [eureka-client,,,] 25156 --- [main] o.s.w.s.handler.SimpleUrlHandlerMapping  : Mapped URL path [/**] onto handler of type [class org.springframework.web.servlet.resource.ResourceHttpRequestHandler]
2023-01-31 10:17:39.436  INFO [eureka-client,,,] 25156 --- [main] o.s.w.s.handler.SimpleUrlHandlerMapping  : Mapped URL path [/**/favicon.ico] onto handler of type [class org.springframework.web.servlet.resource.ResourceHttpRequestHandler]
2023-01-31 10:17:40.098  WARN [eureka-client,,,] 25156 --- [main] c.n.c.sources.URLConfigurationSource     : No URLs will be polled as dynamic configuration sources.
2023-01-31 10:17:40.099  INFO [eureka-client,,,] 25156 --- [main] c.n.c.sources.URLConfigurationSource     : To enable URLs as dynamic configuration sources, define System property archaius.configurationSource.additionalUrls or make config.properties available on classpath.
2023-01-31 10:17:40.102  WARN [eureka-client,,,] 25156 --- [main] c.n.c.sources.URLConfigurationSource     : No URLs will be polled as dynamic configuration sources.
2023-01-31 10:17:40.103  INFO [eureka-client,,,] 25156 --- [main] c.n.c.sources.URLConfigurationSource     : To enable URLs as dynamic configuration sources, define System property archaius.configurationSource.additionalUrls or make config.properties available on classpath.
2023-01-31 10:17:40.161  INFO [eureka-client,,,] 25156 --- [main] com.netflix.discovery.DiscoveryClient    : Shutting down DiscoveryClient ...
2023-01-31 10:17:40.167  INFO [eureka-client,,,] 25156 --- [main] com.netflix.discovery.DiscoveryClient    : Completed shut down of DiscoveryClient
2023-01-31 10:17:40.303  INFO [eureka-client,,,] 25156 --- [main] o.s.s.c.ThreadPoolTaskScheduler          : Initializing ExecutorService 
2023-01-31 10:17:40.492  INFO [eureka-client,,,] 25156 --- [main] o.s.j.e.a.AnnotationMBeanExporter        : Registering beans for JMX exposure on startup
2023-01-31 10:17:40.505  INFO [eureka-client,,,] 25156 --- [main] o.s.j.e.a.AnnotationMBeanExporter        : Bean with name 'environmentManager' has been autodetected for JMX exposure
2023-01-31 10:17:40.506  INFO [eureka-client,,,] 25156 --- [main] o.s.j.e.a.AnnotationMBeanExporter        : Bean with name 'configurationPropertiesRebinder' has been autodetected for JMX exposure
2023-01-31 10:17:40.509  INFO [eureka-client,,,] 25156 --- [main] o.s.j.e.a.AnnotationMBeanExporter        : Bean with name 'refreshScope' has been autodetected for JMX exposure
2023-01-31 10:17:40.511  INFO [eureka-client,,,] 25156 --- [main] o.s.j.e.a.AnnotationMBeanExporter        : Located managed bean 'environmentManager': registering with JMX server as MBean [org.springframework.cloud.context.environment:name=environmentManager,type=EnvironmentManager]
2023-01-31 10:17:40.526  INFO [eureka-client,,,] 25156 --- [main] o.s.j.e.a.AnnotationMBeanExporter        : Located managed bean 'refreshScope': registering with JMX server as MBean [org.springframework.cloud.context.scope.refresh:name=refreshScope,type=RefreshScope]
2023-01-31 10:17:40.534  INFO [eureka-client,,,] 25156 --- [main] o.s.j.e.a.AnnotationMBeanExporter        : Located managed bean 'configurationPropertiesRebinder': registering with JMX server as MBean [org.springframework.cloud.context.properties:name=configurationPropertiesRebinder,context=1291aab5,type=ConfigurationPropertiesRebinder]
2023-01-31 10:17:40.713  INFO [eureka-client,,,] 25156 --- [main] o.s.c.support.DefaultLifecycleProcessor  : Starting beans in phase 0
2023-01-31 10:17:40.718  INFO [eureka-client,,,] 25156 --- [main] o.s.c.n.eureka.InstanceInfoFactory       : Setting initial instance status as: STARTING
2023-01-31 10:17:40.732  INFO [eureka-client,,,] 25156 --- [main] com.netflix.discovery.DiscoveryClient    : Initializing Eureka in region us-east-1
2023-01-31 10:17:40.734  INFO [eureka-client,,,] 25156 --- [main] c.n.d.provider.DiscoveryJerseyProvider   : Using JSON encoding codec LegacyJacksonJson
2023-01-31 10:17:40.734  INFO [eureka-client,,,] 25156 --- [main] c.n.d.provider.DiscoveryJerseyProvider   : Using JSON decoding codec LegacyJacksonJson
2023-01-31 10:17:40.734  INFO [eureka-client,,,] 25156 --- [main] c.n.d.provider.DiscoveryJerseyProvider   : Using XML encoding codec XStreamXml
2023-01-31 10:17:40.734  INFO [eureka-client,,,] 25156 --- [main] c.n.d.provider.DiscoveryJerseyProvider   : Using XML decoding codec XStreamXml
2023-01-31 10:17:40.816  INFO [eureka-client,,,] 25156 --- [main] c.n.d.s.r.aws.ConfigClusterResolver      : Resolving eureka endpoints via configuration
2023-01-31 10:17:40.816  INFO [eureka-client,,,] 25156 --- [main] com.netflix.discovery.DiscoveryClient    : Disable delta property : false
2023-01-31 10:17:40.816  INFO [eureka-client,,,] 25156 --- [main] com.netflix.discovery.DiscoveryClient    : Single vip registry refresh property : null
2023-01-31 10:17:40.816  INFO [eureka-client,,,] 25156 --- [main] com.netflix.discovery.DiscoveryClient    : Force full registry fetch : false
2023-01-31 10:17:40.816  INFO [eureka-client,,,] 25156 --- [main] com.netflix.discovery.DiscoveryClient    : Application is null : false
2023-01-31 10:17:40.816  INFO [eureka-client,,,] 25156 --- [main] com.netflix.discovery.DiscoveryClient    : Registered Applications size is zero : true
2023-01-31 10:17:40.816  INFO [eureka-client,,,] 25156 --- [main] com.netflix.discovery.DiscoveryClient    : Application version is -1: true
2023-01-31 10:17:40.816  INFO [eureka-client,,,] 25156 --- [main] com.netflix.discovery.DiscoveryClient    : Getting all instance registry info from the eureka server
2023-01-31 10:17:40.822  INFO [eureka-client,,,] 25156 --- [main] com.netflix.discovery.DiscoveryClient    : The response status is 200
2023-01-31 10:17:40.823  INFO [eureka-client,,,] 25156 --- [main] com.netflix.discovery.DiscoveryClient    : Starting heartbeat executor: renew interval is: 30
2023-01-31 10:17:40.825  INFO [eureka-client,,,] 25156 --- [main] c.n.discovery.InstanceInfoReplicator     : InstanceInfoReplicator onDemand update allowed rate per min is 4
2023-01-31 10:17:40.826  INFO [eureka-client,,,] 25156 --- [main] com.netflix.discovery.DiscoveryClient    : Discovery Client initialized at timestamp 1675131460826 with initial instances count: 8
2023-01-31 10:17:40.906  INFO [eureka-client,,,] 25156 --- [main] o.s.c.n.e.s.EurekaServiceRegistry        : Registering application eureka-client with eureka with status UP
2023-01-31 10:17:40.906  INFO [eureka-client,,,] 25156 --- [main] com.netflix.discovery.DiscoveryClient    : Saw local status change event StatusChangeEvent [timestamp=1675131460906, current=UP, previous=STARTING]
2023-01-31 10:17:40.907  INFO [eureka-client,,,] 25156 --- [DiscoveryClient-InstanceInfoReplicator-0] com.netflix.discovery.DiscoveryClient    : DiscoveryClient_EUREKA-CLIENT/26.26.26.1:eureka-client:9001: registering service...
2023-01-31 10:17:40.955  INFO [eureka-client,,,] 25156 --- [DiscoveryClient-InstanceInfoReplicator-0] com.netflix.discovery.DiscoveryClient    : DiscoveryClient_EUREKA-CLIENT/26.26.26.1:eureka-client:9001 - registration status: 204
2023-01-31 10:17:40.968  INFO [eureka-client,,,] 25156 --- [main] s.b.c.e.t.TomcatEmbeddedServletContainer : Tomcat started on port(s): 9001 (http)
2023-01-31 10:17:40.969  INFO [eureka-client,,,] 25156 --- [main] .s.c.n.e.s.EurekaAutoServiceRegistration : Updating port to 9001
2023-01-31 10:17:40.973  INFO [eureka-client,,,] 25156 --- [main] com.gua.EurekaClientApplication          : Started EurekaClientApplication in 9.39 seconds (JVM running for 10.368)
2023-01-31 10:18:09.419  INFO [eureka-client,,,] 25156 --- [http-nio-9001-exec-2] o.a.c.c.C.[Tomcat].[localhost].[/]       : Initializing Spring FrameworkServlet 'dispatcherServlet'
2023-01-31 10:18:09.420  INFO [eureka-client,,,] 25156 --- [http-nio-9001-exec-2] o.s.web.servlet.DispatcherServlet        : FrameworkServlet 'dispatcherServlet': initialization started
2023-01-31 10:18:09.468  INFO [eureka-client,,,] 25156 --- [http-nio-9001-exec-2] o.s.web.servlet.DispatcherServlet        : FrameworkServlet 'dispatcherServlet': initialization completed in 48 ms
2023-01-31 10:22:40.835  INFO [eureka-client,,,] 25156 --- [AsyncResolver-bootstrap-executor-0] c.n.d.s.r.aws.ConfigClusterResolver      : Resolving eureka endpoints via configuration
2023-01-31 10:24:34.295  INFO [eureka-client,,,] 25156 --- [Thread-24] ationConfigEmbeddedWebApplicationContext : Closing org.springframework.boot.context.embedded.AnnotationConfigEmbeddedWebApplicationContext@1291aab5: startup date [Tue Jan 31 10:17:35 CST 2023]; parent: org.springframework.context.annotation.AnnotationConfigApplicationContext@63b1d4fa
2023-01-31 10:24:34.296  INFO [eureka-client,,,] 25156 --- [Thread-24] o.s.c.n.e.s.EurekaServiceRegistry        : Unregistering application eureka-client with eureka with status DOWN
2023-01-31 10:24:34.296  WARN [eureka-client,,,] 25156 --- [Thread-24] com.netflix.discovery.DiscoveryClient    : Saw local status change event StatusChangeEvent [timestamp=1675131874296, current=DOWN, previous=UP]
2023-01-31 10:24:34.297  INFO [eureka-client,,,] 25156 --- [DiscoveryClient-InstanceInfoReplicator-0] com.netflix.discovery.DiscoveryClient    : DiscoveryClient_EUREKA-CLIENT/26.26.26.1:eureka-client:9001: registering service...
2023-01-31 10:24:34.297  INFO [eureka-client,,,] 25156 --- [Thread-24] com.netflix.discovery.DiscoveryClient    : Shutting down DiscoveryClient ...
2023-01-31 10:24:34.297  INFO [eureka-client,,,] 25156 --- [Thread-24] com.netflix.discovery.DiscoveryClient    : Unregistering ...
2023-01-31 10:24:34.311  INFO [eureka-client,,,] 25156 --- [Thread-24] com.netflix.discovery.DiscoveryClient    : DiscoveryClient_EUREKA-CLIENT/26.26.26.1:eureka-client:9001 - deregister  status: 200
2023-01-31 10:24:34.312  INFO [eureka-client,,,] 25156 --- [DiscoveryClient-InstanceInfoReplicator-0] com.netflix.discovery.DiscoveryClient    : DiscoveryClient_EUREKA-CLIENT/26.26.26.1:eureka-client:9001 - registration status: 204
2023-01-31 10:24:34.317  INFO [eureka-client,,,] 25156 --- [Thread-24] com.netflix.discovery.DiscoveryClient    : Completed shut down of DiscoveryClient
2023-01-31 10:24:34.318  INFO [eureka-client,,,] 25156 --- [Thread-24] o.s.c.support.DefaultLifecycleProcessor  : Stopping beans in phase 0
2023-01-31 10:24:34.319  INFO [eureka-client,,,] 25156 --- [Thread-24] o.s.j.e.a.AnnotationMBeanExporter        : Unregistering JMX-exposed beans on shutdown
2023-01-31 10:24:34.320  INFO [eureka-client,,,] 25156 --- [Thread-24] o.s.j.e.a.AnnotationMBeanExporter        : Unregistering JMX-exposed beans
